{"C:\\Users\\bjarn\\OneDrive\\Desktop\\Vef2-hopverk1\\Vef2-Hopverk1\\src\\index.ts": {"path":"C:\\Users\\bjarn\\OneDrive\\Desktop\\Vef2-hopverk1\\Vef2-Hopverk1\\src\\index.ts","statementMap":{"0":{"start":{"line":1,"column":0},"end":{"line":1,"column":41}},"1":{"start":{"line":2,"column":0},"end":{"line":2,"column":27}},"2":{"start":{"line":3,"column":0},"end":{"line":3,"column":32}},"3":{"start":{"line":4,"column":0},"end":{"line":4,"column":44}},"4":{"start":{"line":5,"column":0},"end":{"line":5,"column":44}},"5":{"start":{"line":6,"column":0},"end":{"line":6,"column":52}},"6":{"start":{"line":7,"column":0},"end":{"line":7,"column":44}},"7":{"start":{"line":8,"column":0},"end":{"line":8,"column":50}},"8":{"start":{"line":9,"column":0},"end":{"line":9,"column":56}},"9":{"start":{"line":10,"column":0},"end":{"line":10,"column":54}},"10":{"start":{"line":12,"column":0},"end":{"line":12,"column":39}},"11":{"start":{"line":14,"column":13},"end":{"line":14,"column":null}},"12":{"start":{"line":15,"column":0},"end":{"line":15,"column":null}},"13":{"start":{"line":16,"column":0},"end":{"line":16,"column":39}},"14":{"start":{"line":19,"column":0},"end":{"line":28,"column":5}},"15":{"start":{"line":19,"column":32},"end":{"line":28,"column":4}},"16":{"start":{"line":21,"column":1},"end":{"line":21,"column":47}},"17":{"start":{"line":22,"column":1},"end":{"line":22,"column":37}},"18":{"start":{"line":23,"column":1},"end":{"line":23,"column":47}},"19":{"start":{"line":24,"column":1},"end":{"line":24,"column":59}},"20":{"start":{"line":25,"column":1},"end":{"line":25,"column":78}},"21":{"start":{"line":27,"column":1},"end":{"line":27,"column":14}},"22":{"start":{"line":31,"column":0},"end":{"line":31,"column":null}},"23":{"start":{"line":32,"column":0},"end":{"line":32,"column":null}},"24":{"start":{"line":33,"column":0},"end":{"line":33,"column":null}},"25":{"start":{"line":34,"column":0},"end":{"line":34,"column":null}},"26":{"start":{"line":35,"column":0},"end":{"line":35,"column":null}},"27":{"start":{"line":39,"column":0},"end":{"line":78,"column":3}},"28":{"start":{"line":51,"column":5},"end":{"line":76,"column":null}},"29":{"start":{"line":77,"column":1},"end":{"line":77,"column":21}},"30":{"start":{"line":81,"column":0},"end":{"line":89,"column":null}},"31":{"start":{"line":81,"column":31},"end":{"line":89,"column":2}},"32":{"start":{"line":82,"column":1},"end":{"line":88,"column":2}},"33":{"start":{"line":83,"column":2},"end":{"line":83,"column":null}},"34":{"start":{"line":85,"column":2},"end":{"line":85,"column":null}},"35":{"start":{"line":86,"column":2},"end":{"line":86,"column":null}},"36":{"start":{"line":87,"column":2},"end":{"line":87,"column":null}},"37":{"start":{"line":91,"column":18},"end":{"line":95,"column":2}},"38":{"start":{"line":97,"column":0},"end":{"line":99,"column":null}},"39":{"start":{"line":98,"column":4},"end":{"line":98,"column":null}},"40":{"start":{"line":101,"column":0},"end":{"line":113,"column":3}},"41":{"start":{"line":102,"column":15},"end":{"line":102,"column":40}},"42":{"start":{"line":105,"column":17},"end":{"line":105,"column":51}},"43":{"start":{"line":105,"column":39},"end":{"line":105,"column":50}},"44":{"start":{"line":108,"column":4},"end":{"line":110,"column":5}},"45":{"start":{"line":109,"column":8},"end":{"line":109,"column":56}},"46":{"start":{"line":112,"column":4},"end":{"line":112,"column":24}},"47":{"start":{"line":121,"column":0},"end":{"line":130,"column":3}},"48":{"start":{"line":122,"column":1},"end":{"line":122,"column":40}},"49":{"start":{"line":124,"column":1},"end":{"line":129,"column":null}},"50":{"start":{"line":128,"column":3},"end":{"line":128,"column":null}}},"fnMap":{"0":{"name":"(anonymous_8)","decl":{"start":{"line":19,"column":14},"end":{"line":19,"column":21}},"loc":{"start":{"line":19,"column":32},"end":{"line":28,"column":4}}},"1":{"name":"(anonymous_9)","decl":{"start":{"line":19,"column":32},"end":{"line":19,"column":null}},"loc":{"start":{"line":19,"column":32},"end":{"line":28,"column":3}}},"2":{"name":"(anonymous_10)","decl":{"start":{"line":39,"column":13},"end":{"line":39,"column":14}},"loc":{"start":{"line":39,"column":19},"end":{"line":78,"column":1}}},"3":{"name":"(anonymous_11)","decl":{"start":{"line":81,"column":13},"end":{"line":81,"column":20}},"loc":{"start":{"line":81,"column":31},"end":{"line":89,"column":2}}},"4":{"name":"(anonymous_12)","decl":{"start":{"line":81,"column":31},"end":{"line":81,"column":null}},"loc":{"start":{"line":81,"column":31},"end":{"line":89,"column":1}}},"5":{"name":"(anonymous_13)","decl":{"start":{"line":97,"column":18},"end":{"line":97,"column":19}},"loc":{"start":{"line":97,"column":24},"end":{"line":99,"column":1}}},"6":{"name":"(anonymous_14)","decl":{"start":{"line":101,"column":22},"end":{"line":101,"column":23}},"loc":{"start":{"line":101,"column":28},"end":{"line":113,"column":1}}},"7":{"name":"(anonymous_15)","decl":{"start":{"line":105,"column":32},"end":{"line":105,"column":33}},"loc":{"start":{"line":105,"column":39},"end":{"line":105,"column":50}}},"8":{"name":"(anonymous_16)","decl":{"start":{"line":127,"column":4},"end":{"line":127,"column":5}},"loc":{"start":{"line":127,"column":13},"end":{"line":129,"column":2}}}},"branchMap":{"0":{"loc":{"start":{"line":108,"column":4},"end":{"line":110,"column":5}},"type":"if","locations":[{"start":{"line":108,"column":4},"end":{"line":110,"column":5}}]},"1":{"loc":{"start":{"line":121,"column":0},"end":{"line":130,"column":3}},"type":"if","locations":[{"start":{"line":121,"column":0},"end":{"line":130,"column":3}}]}},"s":{"0":0,"1":0,"2":0,"3":0,"4":0,"5":0,"6":0,"7":0,"8":0,"9":0,"10":0,"11":0,"12":0,"13":0,"14":0,"15":0,"16":0,"17":0,"18":0,"19":0,"20":0,"21":0,"22":0,"23":0,"24":0,"25":0,"26":0,"27":0,"28":0,"29":0,"30":0,"31":0,"32":0,"33":0,"34":0,"35":0,"36":0,"37":0,"38":0,"39":0,"40":0,"41":0,"42":0,"43":0,"44":0,"45":0,"46":0,"47":0,"48":0,"49":0,"50":0},"f":{"0":0,"1":0,"2":0,"3":0,"4":0,"5":0,"6":0,"7":0,"8":0},"b":{"0":[0],"1":[0]}}
,"C:\\Users\\bjarn\\OneDrive\\Desktop\\Vef2-hopverk1\\Vef2-Hopverk1\\src\\controllers\\accountController.ts": {"path":"C:\\Users\\bjarn\\OneDrive\\Desktop\\Vef2-hopverk1\\Vef2-Hopverk1\\src\\controllers\\accountController.ts","statementMap":{"0":{"start":{"line":2,"column":0},"end":{"line":2,"column":96}},"1":{"start":{"line":4,"column":36},"end":{"line":43,"column":2}},"2":{"start":{"line":4,"column":57},"end":{"line":43,"column":2}},"3":{"start":{"line":5,"column":4},"end":{"line":42,"column":5}},"4":{"start":{"line":7,"column":19},"end":{"line":7,"column":32}},"5":{"start":{"line":8,"column":6},"end":{"line":10,"column":7}},"6":{"start":{"line":9,"column":8},"end":{"line":9,"column":66}},"7":{"start":{"line":13,"column":23},"end":{"line":13,"column":45}},"8":{"start":{"line":14,"column":24},"end":{"line":14,"column":44}},"9":{"start":{"line":16,"column":6},"end":{"line":18,"column":7}},"10":{"start":{"line":17,"column":8},"end":{"line":17,"column":59}},"11":{"start":{"line":21,"column":6},"end":{"line":23,"column":7}},"12":{"start":{"line":22,"column":8},"end":{"line":22,"column":79}},"13":{"start":{"line":26,"column":22},"end":{"line":26,"column":37}},"14":{"start":{"line":27,"column":6},"end":{"line":29,"column":7}},"15":{"start":{"line":28,"column":8},"end":{"line":28,"column":74}},"16":{"start":{"line":32,"column":26},"end":{"line":32,"column":55}},"17":{"start":{"line":33,"column":25},"end":{"line":33,"column":49}},"18":{"start":{"line":36,"column":26},"end":{"line":36,"column":71}},"19":{"start":{"line":38,"column":6},"end":{"line":38,"column":68}},"20":{"start":{"line":40,"column":22},"end":{"line":40,"column":77}},"21":{"start":{"line":41,"column":6},"end":{"line":41,"column":45}},"22":{"start":{"line":4,"column":13},"end":{"line":4,"column":36}},"23":{"start":{"line":44,"column":30},"end":{"line":53,"column":2}},"24":{"start":{"line":44,"column":51},"end":{"line":53,"column":2}},"25":{"start":{"line":45,"column":4},"end":{"line":52,"column":5}},"26":{"start":{"line":46,"column":40},"end":{"line":46,"column":99}},"27":{"start":{"line":47,"column":28},"end":{"line":47,"column":69}},"28":{"start":{"line":48,"column":8},"end":{"line":48,"column":89}},"29":{"start":{"line":50,"column":24},"end":{"line":50,"column":79}},"30":{"start":{"line":51,"column":8},"end":{"line":51,"column":47}},"31":{"start":{"line":44,"column":13},"end":{"line":44,"column":30}},"32":{"start":{"line":55,"column":30},"end":{"line":68,"column":2}},"33":{"start":{"line":55,"column":51},"end":{"line":68,"column":2}},"34":{"start":{"line":56,"column":2},"end":{"line":67,"column":3}},"35":{"start":{"line":57,"column":53},"end":{"line":57,"column":null}},"36":{"start":{"line":62,"column":24},"end":{"line":62,"column":82}},"37":{"start":{"line":63,"column":4},"end":{"line":63,"column":82}},"38":{"start":{"line":65,"column":20},"end":{"line":65,"column":75}},"39":{"start":{"line":66,"column":4},"end":{"line":66,"column":43}},"40":{"start":{"line":55,"column":13},"end":{"line":55,"column":30}}},"fnMap":{"0":{"name":"(anonymous_7)","decl":{"start":{"line":4,"column":36},"end":{"line":4,"column":43}},"loc":{"start":{"line":4,"column":57},"end":{"line":43,"column":2}}},"1":{"name":"(anonymous_8)","decl":{"start":{"line":4,"column":57},"end":{"line":4,"column":null}},"loc":{"start":{"line":4,"column":57},"end":{"line":43,"column":1}}},"2":{"name":"(anonymous_9)","decl":{"start":{"line":44,"column":30},"end":{"line":44,"column":37}},"loc":{"start":{"line":44,"column":51},"end":{"line":53,"column":2}}},"3":{"name":"(anonymous_10)","decl":{"start":{"line":44,"column":51},"end":{"line":44,"column":null}},"loc":{"start":{"line":44,"column":51},"end":{"line":53,"column":1}}},"4":{"name":"(anonymous_11)","decl":{"start":{"line":55,"column":30},"end":{"line":55,"column":37}},"loc":{"start":{"line":55,"column":51},"end":{"line":68,"column":2}}},"5":{"name":"(anonymous_12)","decl":{"start":{"line":55,"column":51},"end":{"line":55,"column":null}},"loc":{"start":{"line":55,"column":51},"end":{"line":68,"column":1}}}},"branchMap":{"0":{"loc":{"start":{"line":8,"column":6},"end":{"line":10,"column":7}},"type":"if","locations":[{"start":{"line":8,"column":6},"end":{"line":10,"column":7}}]},"1":{"loc":{"start":{"line":16,"column":6},"end":{"line":18,"column":7}},"type":"if","locations":[{"start":{"line":16,"column":6},"end":{"line":18,"column":7}}]},"2":{"loc":{"start":{"line":16,"column":10},"end":{"line":16,"column":52}},"type":"binary-expr","locations":[{"start":{"line":16,"column":10},"end":{"line":16,"column":20}},{"start":{"line":16,"column":24},"end":{"line":16,"column":52}}]},"3":{"loc":{"start":{"line":21,"column":6},"end":{"line":23,"column":7}},"type":"if","locations":[{"start":{"line":21,"column":6},"end":{"line":23,"column":7}}]},"4":{"loc":{"start":{"line":21,"column":10},"end":{"line":21,"column":75}},"type":"binary-expr","locations":[{"start":{"line":21,"column":10},"end":{"line":21,"column":41}},{"start":{"line":21,"column":45},"end":{"line":21,"column":75}}]},"5":{"loc":{"start":{"line":27,"column":6},"end":{"line":29,"column":7}},"type":"if","locations":[{"start":{"line":27,"column":6},"end":{"line":29,"column":7}}]},"6":{"loc":{"start":{"line":40,"column":22},"end":{"line":40,"column":77}},"type":"cond-expr","locations":[{"start":{"line":40,"column":47},"end":{"line":40,"column":60}},{"start":{"line":40,"column":63},"end":{"line":40,"column":77}}]},"7":{"loc":{"start":{"line":50,"column":24},"end":{"line":50,"column":79}},"type":"cond-expr","locations":[{"start":{"line":50,"column":49},"end":{"line":50,"column":62}},{"start":{"line":50,"column":65},"end":{"line":50,"column":79}}]},"8":{"loc":{"start":{"line":65,"column":20},"end":{"line":65,"column":75}},"type":"cond-expr","locations":[{"start":{"line":65,"column":45},"end":{"line":65,"column":58}},{"start":{"line":65,"column":61},"end":{"line":65,"column":75}}]}},"s":{"0":0,"1":0,"2":0,"3":0,"4":0,"5":0,"6":0,"7":0,"8":0,"9":0,"10":0,"11":0,"12":0,"13":0,"14":0,"15":0,"16":0,"17":0,"18":0,"19":0,"20":0,"21":0,"22":0,"23":0,"24":0,"25":0,"26":0,"27":0,"28":0,"29":0,"30":0,"31":0,"32":0,"33":0,"34":0,"35":0,"36":0,"37":0,"38":0,"39":0,"40":0},"f":{"0":0,"1":0,"2":0,"3":0,"4":0,"5":0},"b":{"0":[0],"1":[0],"2":[0,0],"3":[0],"4":[0,0],"5":[0],"6":[0,0],"7":[0,0],"8":[0,0]}}
,"C:\\Users\\bjarn\\OneDrive\\Desktop\\Vef2-hopverk1\\Vef2-Hopverk1\\src\\controllers\\authController.ts": {"path":"C:\\Users\\bjarn\\OneDrive\\Desktop\\Vef2-hopverk1\\Vef2-Hopverk1\\src\\controllers\\authController.ts","statementMap":{"0":{"start":{"line":2,"column":0},"end":{"line":2,"column":66}},"1":{"start":{"line":3,"column":0},"end":{"line":3,"column":66}},"2":{"start":{"line":5,"column":24},"end":{"line":25,"column":2}},"3":{"start":{"line":5,"column":45},"end":{"line":25,"column":2}},"4":{"start":{"line":6,"column":2},"end":{"line":24,"column":3}},"5":{"start":{"line":7,"column":17},"end":{"line":7,"column":35}},"6":{"start":{"line":10,"column":19},"end":{"line":10,"column":49}},"7":{"start":{"line":11,"column":4},"end":{"line":16,"column":5}},"8":{"start":{"line":12,"column":6},"end":{"line":15,"column":14}},"9":{"start":{"line":18,"column":32},"end":{"line":18,"column":43}},"10":{"start":{"line":19,"column":17},"end":{"line":19,"column":52}},"11":{"start":{"line":20,"column":4},"end":{"line":20,"column":59}},"12":{"start":{"line":22,"column":20},"end":{"line":22,"column":75}},"13":{"start":{"line":23,"column":4},"end":{"line":23,"column":43}},"14":{"start":{"line":5,"column":13},"end":{"line":5,"column":24}},"15":{"start":{"line":27,"column":21},"end":{"line":51,"column":2}},"16":{"start":{"line":27,"column":42},"end":{"line":51,"column":2}},"17":{"start":{"line":28,"column":2},"end":{"line":50,"column":3}},"18":{"start":{"line":29,"column":17},"end":{"line":29,"column":35}},"19":{"start":{"line":32,"column":19},"end":{"line":32,"column":46}},"20":{"start":{"line":33,"column":4},"end":{"line":38,"column":5}},"21":{"start":{"line":34,"column":6},"end":{"line":37,"column":14}},"22":{"start":{"line":40,"column":32},"end":{"line":40,"column":43}},"23":{"start":{"line":41,"column":28},"end":{"line":41,"column":60}},"24":{"start":{"line":42,"column":4},"end":{"line":46,"column":7}},"25":{"start":{"line":48,"column":20},"end":{"line":48,"column":75}},"26":{"start":{"line":49,"column":4},"end":{"line":49,"column":43}},"27":{"start":{"line":27,"column":13},"end":{"line":27,"column":21}}},"fnMap":{"0":{"name":"(anonymous_7)","decl":{"start":{"line":5,"column":24},"end":{"line":5,"column":31}},"loc":{"start":{"line":5,"column":45},"end":{"line":25,"column":2}}},"1":{"name":"(anonymous_8)","decl":{"start":{"line":5,"column":45},"end":{"line":5,"column":null}},"loc":{"start":{"line":5,"column":45},"end":{"line":25,"column":1}}},"2":{"name":"(anonymous_9)","decl":{"start":{"line":27,"column":21},"end":{"line":27,"column":28}},"loc":{"start":{"line":27,"column":42},"end":{"line":51,"column":2}}},"3":{"name":"(anonymous_10)","decl":{"start":{"line":27,"column":42},"end":{"line":27,"column":null}},"loc":{"start":{"line":27,"column":42},"end":{"line":51,"column":1}}}},"branchMap":{"0":{"loc":{"start":{"line":11,"column":4},"end":{"line":16,"column":5}},"type":"if","locations":[{"start":{"line":11,"column":4},"end":{"line":16,"column":5}}]},"1":{"loc":{"start":{"line":22,"column":20},"end":{"line":22,"column":75}},"type":"cond-expr","locations":[{"start":{"line":22,"column":45},"end":{"line":22,"column":58}},{"start":{"line":22,"column":61},"end":{"line":22,"column":75}}]},"2":{"loc":{"start":{"line":33,"column":4},"end":{"line":38,"column":5}},"type":"if","locations":[{"start":{"line":33,"column":4},"end":{"line":38,"column":5}}]},"3":{"loc":{"start":{"line":48,"column":20},"end":{"line":48,"column":75}},"type":"cond-expr","locations":[{"start":{"line":48,"column":45},"end":{"line":48,"column":58}},{"start":{"line":48,"column":61},"end":{"line":48,"column":75}}]}},"s":{"0":0,"1":0,"2":0,"3":0,"4":0,"5":0,"6":0,"7":0,"8":0,"9":0,"10":0,"11":0,"12":0,"13":0,"14":0,"15":0,"16":0,"17":0,"18":0,"19":0,"20":0,"21":0,"22":0,"23":0,"24":0,"25":0,"26":0,"27":0},"f":{"0":0,"1":0,"2":0,"3":0},"b":{"0":[0],"1":[0,0],"2":[0],"3":[0,0]}}
,"C:\\Users\\bjarn\\OneDrive\\Desktop\\Vef2-hopverk1\\Vef2-Hopverk1\\src\\controllers\\championController.ts": {"path":"C:\\Users\\bjarn\\OneDrive\\Desktop\\Vef2-hopverk1\\Vef2-Hopverk1\\src\\controllers\\championController.ts","statementMap":{"0":{"start":{"line":2,"column":0},"end":{"line":2,"column":62}},"1":{"start":{"line":5,"column":31},"end":{"line":20,"column":null}},"2":{"start":{"line":5,"column":52},"end":{"line":20,"column":null}},"3":{"start":{"line":6,"column":2},"end":{"line":19,"column":3}},"4":{"start":{"line":8,"column":17},"end":{"line":8,"column":53}},"5":{"start":{"line":9,"column":18},"end":{"line":9,"column":56}},"6":{"start":{"line":12,"column":19},"end":{"line":12,"column":69}},"7":{"start":{"line":15,"column":4},"end":{"line":15,"column":null}},"8":{"start":{"line":17,"column":4},"end":{"line":17,"column":null}},"9":{"start":{"line":18,"column":4},"end":{"line":18,"column":null}},"10":{"start":{"line":5,"column":13},"end":{"line":5,"column":31}},"11":{"start":{"line":22,"column":31},"end":{"line":41,"column":null}},"12":{"start":{"line":22,"column":52},"end":{"line":41,"column":null}},"13":{"start":{"line":23,"column":2},"end":{"line":40,"column":3}},"14":{"start":{"line":25,"column":15},"end":{"line":25,"column":32}},"15":{"start":{"line":28,"column":21},"end":{"line":28,"column":62}},"16":{"start":{"line":31,"column":4},"end":{"line":33,"column":5}},"17":{"start":{"line":32,"column":6},"end":{"line":32,"column":null}},"18":{"start":{"line":36,"column":4},"end":{"line":36,"column":null}},"19":{"start":{"line":38,"column":4},"end":{"line":38,"column":null}},"20":{"start":{"line":39,"column":4},"end":{"line":39,"column":null}},"21":{"start":{"line":22,"column":13},"end":{"line":22,"column":31}},"22":{"start":{"line":43,"column":29},"end":{"line":51,"column":null}},"23":{"start":{"line":43,"column":50},"end":{"line":51,"column":null}},"24":{"start":{"line":44,"column":4},"end":{"line":50,"column":5}},"25":{"start":{"line":45,"column":8},"end":{"line":45,"column":null}},"26":{"start":{"line":46,"column":8},"end":{"line":46,"column":null}},"27":{"start":{"line":48,"column":8},"end":{"line":48,"column":null}},"28":{"start":{"line":49,"column":8},"end":{"line":49,"column":null}},"29":{"start":{"line":43,"column":13},"end":{"line":43,"column":29}},"30":{"start":{"line":53,"column":32},"end":{"line":68,"column":2}},"31":{"start":{"line":53,"column":53},"end":{"line":68,"column":2}},"32":{"start":{"line":54,"column":2},"end":{"line":67,"column":3}},"33":{"start":{"line":55,"column":17},"end":{"line":55,"column":30}},"34":{"start":{"line":56,"column":23},"end":{"line":56,"column":40}},"35":{"start":{"line":58,"column":21},"end":{"line":58,"column":80}},"36":{"start":{"line":60,"column":4},"end":{"line":63,"column":7}},"37":{"start":{"line":65,"column":20},"end":{"line":65,"column":76}},"38":{"start":{"line":66,"column":4},"end":{"line":66,"column":43}},"39":{"start":{"line":53,"column":13},"end":{"line":53,"column":32}},"40":{"start":{"line":70,"column":34},"end":{"line":84,"column":2}},"41":{"start":{"line":70,"column":55},"end":{"line":84,"column":2}},"42":{"start":{"line":71,"column":2},"end":{"line":83,"column":3}},"43":{"start":{"line":72,"column":17},"end":{"line":72,"column":30}},"44":{"start":{"line":73,"column":23},"end":{"line":73,"column":40}},"45":{"start":{"line":75,"column":4},"end":{"line":75,"column":66}},"46":{"start":{"line":77,"column":4},"end":{"line":79,"column":7}},"47":{"start":{"line":81,"column":20},"end":{"line":81,"column":76}},"48":{"start":{"line":82,"column":4},"end":{"line":82,"column":43}},"49":{"start":{"line":70,"column":13},"end":{"line":70,"column":34}},"50":{"start":{"line":86,"column":32},"end":{"line":99,"column":2}},"51":{"start":{"line":86,"column":53},"end":{"line":99,"column":2}},"52":{"start":{"line":87,"column":2},"end":{"line":98,"column":3}},"53":{"start":{"line":88,"column":17},"end":{"line":88,"column":30}},"54":{"start":{"line":90,"column":22},"end":{"line":90,"column":69}},"55":{"start":{"line":92,"column":4},"end":{"line":94,"column":7}},"56":{"start":{"line":96,"column":20},"end":{"line":96,"column":76}},"57":{"start":{"line":97,"column":4},"end":{"line":97,"column":43}},"58":{"start":{"line":86,"column":13},"end":{"line":86,"column":32}}},"fnMap":{"0":{"name":"(anonymous_16)","decl":{"start":{"line":5,"column":31},"end":{"line":5,"column":38}},"loc":{"start":{"line":5,"column":52},"end":{"line":20,"column":null}}},"1":{"name":"(anonymous_17)","decl":{"start":{"line":5,"column":52},"end":{"line":5,"column":null}},"loc":{"start":{"line":5,"column":52},"end":{"line":20,"column":1}}},"2":{"name":"(anonymous_18)","decl":{"start":{"line":22,"column":31},"end":{"line":22,"column":38}},"loc":{"start":{"line":22,"column":52},"end":{"line":41,"column":null}}},"3":{"name":"(anonymous_19)","decl":{"start":{"line":22,"column":52},"end":{"line":22,"column":null}},"loc":{"start":{"line":22,"column":52},"end":{"line":41,"column":1}}},"4":{"name":"(anonymous_20)","decl":{"start":{"line":43,"column":29},"end":{"line":43,"column":36}},"loc":{"start":{"line":43,"column":50},"end":{"line":51,"column":null}}},"5":{"name":"(anonymous_21)","decl":{"start":{"line":43,"column":50},"end":{"line":43,"column":null}},"loc":{"start":{"line":43,"column":50},"end":{"line":51,"column":1}}},"6":{"name":"(anonymous_22)","decl":{"start":{"line":53,"column":32},"end":{"line":53,"column":39}},"loc":{"start":{"line":53,"column":53},"end":{"line":68,"column":2}}},"7":{"name":"(anonymous_23)","decl":{"start":{"line":53,"column":53},"end":{"line":53,"column":null}},"loc":{"start":{"line":53,"column":53},"end":{"line":68,"column":1}}},"8":{"name":"(anonymous_24)","decl":{"start":{"line":70,"column":34},"end":{"line":70,"column":41}},"loc":{"start":{"line":70,"column":55},"end":{"line":84,"column":2}}},"9":{"name":"(anonymous_25)","decl":{"start":{"line":70,"column":55},"end":{"line":70,"column":null}},"loc":{"start":{"line":70,"column":55},"end":{"line":84,"column":1}}},"10":{"name":"(anonymous_26)","decl":{"start":{"line":86,"column":32},"end":{"line":86,"column":39}},"loc":{"start":{"line":86,"column":53},"end":{"line":99,"column":2}}},"11":{"name":"(anonymous_27)","decl":{"start":{"line":86,"column":53},"end":{"line":86,"column":null}},"loc":{"start":{"line":86,"column":53},"end":{"line":99,"column":1}}}},"branchMap":{"0":{"loc":{"start":{"line":8,"column":26},"end":{"line":8,"column":52}},"type":"binary-expr","locations":[{"start":{"line":8,"column":26},"end":{"line":8,"column":45}},{"start":{"line":8,"column":49},"end":{"line":8,"column":52}}]},"1":{"loc":{"start":{"line":9,"column":27},"end":{"line":9,"column":55}},"type":"binary-expr","locations":[{"start":{"line":9,"column":27},"end":{"line":9,"column":47}},{"start":{"line":9,"column":51},"end":{"line":9,"column":55}}]},"2":{"loc":{"start":{"line":31,"column":4},"end":{"line":33,"column":5}},"type":"if","locations":[{"start":{"line":31,"column":4},"end":{"line":33,"column":5}}]},"3":{"loc":{"start":{"line":65,"column":20},"end":{"line":65,"column":76}},"type":"cond-expr","locations":[{"start":{"line":65,"column":45},"end":{"line":65,"column":58}},{"start":{"line":65,"column":61},"end":{"line":65,"column":76}}]},"4":{"loc":{"start":{"line":81,"column":20},"end":{"line":81,"column":76}},"type":"cond-expr","locations":[{"start":{"line":81,"column":45},"end":{"line":81,"column":58}},{"start":{"line":81,"column":61},"end":{"line":81,"column":76}}]},"5":{"loc":{"start":{"line":96,"column":20},"end":{"line":96,"column":76}},"type":"cond-expr","locations":[{"start":{"line":96,"column":45},"end":{"line":96,"column":58}},{"start":{"line":96,"column":61},"end":{"line":96,"column":76}}]}},"s":{"0":0,"1":0,"2":0,"3":0,"4":0,"5":0,"6":0,"7":0,"8":0,"9":0,"10":0,"11":0,"12":0,"13":0,"14":0,"15":0,"16":0,"17":0,"18":0,"19":0,"20":0,"21":0,"22":0,"23":0,"24":0,"25":0,"26":0,"27":0,"28":0,"29":0,"30":0,"31":0,"32":0,"33":0,"34":0,"35":0,"36":0,"37":0,"38":0,"39":0,"40":0,"41":0,"42":0,"43":0,"44":0,"45":0,"46":0,"47":0,"48":0,"49":0,"50":0,"51":0,"52":0,"53":0,"54":0,"55":0,"56":0,"57":0,"58":0},"f":{"0":0,"1":0,"2":0,"3":0,"4":0,"5":0,"6":0,"7":0,"8":0,"9":0,"10":0,"11":0},"b":{"0":[0,0],"1":[0,0],"2":[0],"3":[0,0],"4":[0,0],"5":[0,0]}}
,"C:\\Users\\bjarn\\OneDrive\\Desktop\\Vef2-hopverk1\\Vef2-Hopverk1\\src\\controllers\\itemController.ts": {"path":"C:\\Users\\bjarn\\OneDrive\\Desktop\\Vef2-hopverk1\\Vef2-Hopverk1\\src\\controllers\\itemController.ts","statementMap":{"0":{"start":{"line":2,"column":0},"end":{"line":2,"column":54}},"1":{"start":{"line":4,"column":27},"end":{"line":15,"column":null}},"2":{"start":{"line":4,"column":48},"end":{"line":15,"column":null}},"3":{"start":{"line":5,"column":2},"end":{"line":14,"column":3}},"4":{"start":{"line":6,"column":17},"end":{"line":6,"column":53}},"5":{"start":{"line":7,"column":18},"end":{"line":7,"column":56}},"6":{"start":{"line":9,"column":19},"end":{"line":9,"column":61}},"7":{"start":{"line":10,"column":4},"end":{"line":10,"column":null}},"8":{"start":{"line":12,"column":4},"end":{"line":12,"column":null}},"9":{"start":{"line":13,"column":4},"end":{"line":13,"column":null}},"10":{"start":{"line":4,"column":13},"end":{"line":4,"column":27}},"11":{"start":{"line":17,"column":27},"end":{"line":31,"column":null}},"12":{"start":{"line":17,"column":48},"end":{"line":31,"column":null}},"13":{"start":{"line":18,"column":2},"end":{"line":30,"column":3}},"14":{"start":{"line":19,"column":15},"end":{"line":19,"column":32}},"15":{"start":{"line":20,"column":17},"end":{"line":20,"column":50}},"16":{"start":{"line":22,"column":4},"end":{"line":24,"column":5}},"17":{"start":{"line":23,"column":6},"end":{"line":23,"column":null}},"18":{"start":{"line":26,"column":4},"end":{"line":26,"column":null}},"19":{"start":{"line":28,"column":4},"end":{"line":28,"column":null}},"20":{"start":{"line":29,"column":4},"end":{"line":29,"column":null}},"21":{"start":{"line":17,"column":13},"end":{"line":17,"column":27}},"22":{"start":{"line":33,"column":25},"end":{"line":41,"column":null}},"23":{"start":{"line":33,"column":46},"end":{"line":41,"column":null}},"24":{"start":{"line":34,"column":2},"end":{"line":40,"column":3}},"25":{"start":{"line":35,"column":4},"end":{"line":35,"column":null}},"26":{"start":{"line":36,"column":4},"end":{"line":36,"column":null}},"27":{"start":{"line":38,"column":4},"end":{"line":38,"column":null}},"28":{"start":{"line":39,"column":4},"end":{"line":39,"column":null}},"29":{"start":{"line":33,"column":13},"end":{"line":33,"column":25}}},"fnMap":{"0":{"name":"(anonymous_16)","decl":{"start":{"line":4,"column":27},"end":{"line":4,"column":34}},"loc":{"start":{"line":4,"column":48},"end":{"line":15,"column":null}}},"1":{"name":"(anonymous_17)","decl":{"start":{"line":4,"column":48},"end":{"line":4,"column":null}},"loc":{"start":{"line":4,"column":48},"end":{"line":15,"column":1}}},"2":{"name":"(anonymous_18)","decl":{"start":{"line":17,"column":27},"end":{"line":17,"column":34}},"loc":{"start":{"line":17,"column":48},"end":{"line":31,"column":null}}},"3":{"name":"(anonymous_19)","decl":{"start":{"line":17,"column":48},"end":{"line":17,"column":null}},"loc":{"start":{"line":17,"column":48},"end":{"line":31,"column":1}}},"4":{"name":"(anonymous_20)","decl":{"start":{"line":33,"column":25},"end":{"line":33,"column":32}},"loc":{"start":{"line":33,"column":46},"end":{"line":41,"column":null}}},"5":{"name":"(anonymous_21)","decl":{"start":{"line":33,"column":46},"end":{"line":33,"column":null}},"loc":{"start":{"line":33,"column":46},"end":{"line":41,"column":1}}}},"branchMap":{"0":{"loc":{"start":{"line":6,"column":26},"end":{"line":6,"column":52}},"type":"binary-expr","locations":[{"start":{"line":6,"column":26},"end":{"line":6,"column":45}},{"start":{"line":6,"column":49},"end":{"line":6,"column":52}}]},"1":{"loc":{"start":{"line":7,"column":27},"end":{"line":7,"column":55}},"type":"binary-expr","locations":[{"start":{"line":7,"column":27},"end":{"line":7,"column":47}},{"start":{"line":7,"column":51},"end":{"line":7,"column":55}}]},"2":{"loc":{"start":{"line":22,"column":4},"end":{"line":24,"column":5}},"type":"if","locations":[{"start":{"line":22,"column":4},"end":{"line":24,"column":5}}]}},"s":{"0":0,"1":0,"2":0,"3":0,"4":0,"5":0,"6":0,"7":0,"8":0,"9":0,"10":0,"11":0,"12":0,"13":0,"14":0,"15":0,"16":0,"17":0,"18":0,"19":0,"20":0,"21":0,"22":0,"23":0,"24":0,"25":0,"26":0,"27":0,"28":0,"29":0},"f":{"0":0,"1":0,"2":0,"3":0,"4":0,"5":0},"b":{"0":[0,0],"1":[0,0],"2":[0]}}
,"C:\\Users\\bjarn\\OneDrive\\Desktop\\Vef2-hopverk1\\Vef2-Hopverk1\\src\\middleware\\auth.ts": {"path":"C:\\Users\\bjarn\\OneDrive\\Desktop\\Vef2-hopverk1\\Vef2-Hopverk1\\src\\middleware\\auth.ts","statementMap":{"0":{"start":{"line":2,"column":0},"end":{"line":2,"column":31}},"1":{"start":{"line":3,"column":0},"end":{"line":3,"column":46}},"2":{"start":{"line":5,"column":15},"end":{"line":5,"column":33}},"3":{"start":{"line":6,"column":19},"end":{"line":6,"column":78}},"4":{"start":{"line":8,"column":28},"end":{"line":33,"column":2}},"5":{"start":{"line":8,"column":61},"end":{"line":33,"column":2}},"6":{"start":{"line":9,"column":2},"end":{"line":32,"column":3}},"7":{"start":{"line":10,"column":23},"end":{"line":10,"column":52}},"8":{"start":{"line":12,"column":4},"end":{"line":14,"column":5}},"9":{"start":{"line":13,"column":6},"end":{"line":13,"column":69}},"10":{"start":{"line":16,"column":18},"end":{"line":16,"column":42}},"11":{"start":{"line":17,"column":20},"end":{"line":17,"column":71}},"12":{"start":{"line":19,"column":17},"end":{"line":21,"column":6}},"13":{"start":{"line":23,"column":4},"end":{"line":25,"column":5}},"14":{"start":{"line":24,"column":6},"end":{"line":24,"column":59}},"15":{"start":{"line":27,"column":4},"end":{"line":27,"column":24}},"16":{"start":{"line":29,"column":4},"end":{"line":29,"column":17}},"17":{"start":{"line":31,"column":4},"end":{"line":31,"column":62}},"18":{"start":{"line":8,"column":13},"end":{"line":8,"column":28}},"19":{"start":{"line":35,"column":23},"end":{"line":47,"column":2}},"20":{"start":{"line":35,"column":56},"end":{"line":47,"column":2}},"21":{"start":{"line":36,"column":2},"end":{"line":46,"column":3}},"22":{"start":{"line":37,"column":17},"end":{"line":37,"column":30}},"23":{"start":{"line":39,"column":4},"end":{"line":41,"column":5}},"24":{"start":{"line":40,"column":6},"end":{"line":40,"column":76}},"25":{"start":{"line":43,"column":4},"end":{"line":43,"column":17}},"26":{"start":{"line":45,"column":4},"end":{"line":45,"column":75}},"27":{"start":{"line":35,"column":13},"end":{"line":35,"column":23}}},"fnMap":{"0":{"name":"(anonymous_8)","decl":{"start":{"line":8,"column":28},"end":{"line":8,"column":35}},"loc":{"start":{"line":8,"column":61},"end":{"line":33,"column":2}}},"1":{"name":"(anonymous_9)","decl":{"start":{"line":8,"column":61},"end":{"line":8,"column":null}},"loc":{"start":{"line":8,"column":61},"end":{"line":33,"column":1}}},"2":{"name":"(anonymous_10)","decl":{"start":{"line":35,"column":23},"end":{"line":35,"column":30}},"loc":{"start":{"line":35,"column":56},"end":{"line":47,"column":2}}},"3":{"name":"(anonymous_11)","decl":{"start":{"line":35,"column":56},"end":{"line":35,"column":null}},"loc":{"start":{"line":35,"column":56},"end":{"line":47,"column":1}}}},"branchMap":{"0":{"loc":{"start":{"line":6,"column":19},"end":{"line":6,"column":78}},"type":"binary-expr","locations":[{"start":{"line":6,"column":19},"end":{"line":6,"column":41}},{"start":{"line":6,"column":45},"end":{"line":6,"column":78}}]},"1":{"loc":{"start":{"line":12,"column":4},"end":{"line":14,"column":5}},"type":"if","locations":[{"start":{"line":12,"column":4},"end":{"line":14,"column":5}}]},"2":{"loc":{"start":{"line":12,"column":8},"end":{"line":12,"column":56}},"type":"binary-expr","locations":[{"start":{"line":12,"column":8},"end":{"line":12,"column":19}},{"start":{"line":12,"column":23},"end":{"line":12,"column":56}}]},"3":{"loc":{"start":{"line":23,"column":4},"end":{"line":25,"column":5}},"type":"if","locations":[{"start":{"line":23,"column":4},"end":{"line":25,"column":5}}]},"4":{"loc":{"start":{"line":39,"column":4},"end":{"line":41,"column":5}},"type":"if","locations":[{"start":{"line":39,"column":4},"end":{"line":41,"column":5}}]},"5":{"loc":{"start":{"line":39,"column":8},"end":{"line":39,"column":30}},"type":"binary-expr","locations":[{"start":{"line":39,"column":8},"end":{"line":39,"column":13}},{"start":{"line":39,"column":17},"end":{"line":39,"column":30}}]}},"s":{"0":0,"1":0,"2":0,"3":0,"4":0,"5":0,"6":0,"7":0,"8":0,"9":0,"10":0,"11":0,"12":0,"13":0,"14":0,"15":0,"16":0,"17":0,"18":0,"19":0,"20":0,"21":0,"22":0,"23":0,"24":0,"25":0,"26":0,"27":0},"f":{"0":0,"1":0,"2":0,"3":0},"b":{"0":[0,0],"1":[0],"2":[0,0],"3":[0],"4":[0],"5":[0,0]}}
,"C:\\Users\\bjarn\\OneDrive\\Desktop\\Vef2-hopverk1\\Vef2-Hopverk1\\src\\middleware\\rateLimiter.ts": {"path":"C:\\Users\\bjarn\\OneDrive\\Desktop\\Vef2-hopverk1\\Vef2-Hopverk1\\src\\middleware\\rateLimiter.ts","statementMap":{"0":{"start":{"line":10,"column":30},"end":{"line":10,"column":32}},"1":{"start":{"line":12,"column":27},"end":{"line":40,"column":1}},"2":{"start":{"line":13,"column":2},"end":{"line":39,"column":4}},"3":{"start":{"line":13,"column":42},"end":{"line":39,"column":4}},"4":{"start":{"line":14,"column":15},"end":{"line":14,"column":59}},"5":{"start":{"line":15,"column":16},"end":{"line":15,"column":26}},"6":{"start":{"line":18,"column":4},"end":{"line":23,"column":5}},"7":{"start":{"line":19,"column":6},"end":{"line":22,"column":8}},"8":{"start":{"line":26,"column":4},"end":{"line":26,"column":22}},"9":{"start":{"line":29,"column":4},"end":{"line":29,"column":52}},"10":{"start":{"line":30,"column":4},"end":{"line":30,"column":87}},"11":{"start":{"line":31,"column":4},"end":{"line":31,"column":84}},"12":{"start":{"line":34,"column":4},"end":{"line":36,"column":5}},"13":{"start":{"line":35,"column":6},"end":{"line":35,"column":77}},"14":{"start":{"line":38,"column":4},"end":{"line":38,"column":17}},"15":{"start":{"line":12,"column":13},"end":{"line":12,"column":27}}},"fnMap":{"0":{"name":"(anonymous_7)","decl":{"start":{"line":12,"column":27},"end":{"line":12,"column":28}},"loc":{"start":{"line":12,"column":77},"end":{"line":40,"column":1}}},"1":{"name":"(anonymous_8)","decl":{"start":{"line":13,"column":9},"end":{"line":13,"column":16}},"loc":{"start":{"line":13,"column":42},"end":{"line":39,"column":4}}},"2":{"name":"(anonymous_9)","decl":{"start":{"line":13,"column":42},"end":{"line":13,"column":null}},"loc":{"start":{"line":13,"column":42},"end":{"line":39,"column":3}}}},"branchMap":{"0":{"loc":{"start":{"line":12,"column":28},"end":{"line":12,"column":47}},"type":"default-arg","locations":[{"start":{"line":12,"column":44},"end":{"line":12,"column":47}}]},"1":{"loc":{"start":{"line":12,"column":49},"end":{"line":12,"column":73}},"type":"default-arg","locations":[{"start":{"line":12,"column":68},"end":{"line":12,"column":73}}]},"2":{"loc":{"start":{"line":14,"column":15},"end":{"line":14,"column":59}},"type":"binary-expr","locations":[{"start":{"line":14,"column":15},"end":{"line":14,"column":46}},{"start":{"line":14,"column":50},"end":{"line":14,"column":59}}]},"3":{"loc":{"start":{"line":18,"column":4},"end":{"line":23,"column":5}},"type":"if","locations":[{"start":{"line":18,"column":4},"end":{"line":23,"column":5}}]},"4":{"loc":{"start":{"line":18,"column":8},"end":{"line":18,"column":47}},"type":"binary-expr","locations":[{"start":{"line":18,"column":8},"end":{"line":18,"column":18}},{"start":{"line":18,"column":22},"end":{"line":18,"column":47}}]},"5":{"loc":{"start":{"line":34,"column":4},"end":{"line":36,"column":5}},"type":"if","locations":[{"start":{"line":34,"column":4},"end":{"line":36,"column":5}}]}},"s":{"0":0,"1":0,"2":0,"3":0,"4":0,"5":0,"6":0,"7":0,"8":0,"9":0,"10":0,"11":0,"12":0,"13":0,"14":0,"15":0},"f":{"0":0,"1":0,"2":0},"b":{"0":[0],"1":[0],"2":[0,0],"3":[0],"4":[0,0],"5":[0]}}
,"C:\\Users\\bjarn\\OneDrive\\Desktop\\Vef2-hopverk1\\Vef2-Hopverk1\\src\\routes\\accountRoutes.ts": {"path":"C:\\Users\\bjarn\\OneDrive\\Desktop\\Vef2-hopverk1\\Vef2-Hopverk1\\src\\routes\\accountRoutes.ts","statementMap":{"0":{"start":{"line":1,"column":0},"end":{"line":1,"column":28}},"1":{"start":{"line":2,"column":0},"end":{"line":2,"column":104}},"2":{"start":{"line":4,"column":22},"end":{"line":4,"column":32}},"3":{"start":{"line":6,"column":0},"end":{"line":6,"column":52}},"4":{"start":{"line":8,"column":0},"end":{"line":8,"column":55}},"5":{"start":{"line":10,"column":0},"end":{"line":10,"column":55}},"6":{"start":{"line":12,"column":0},"end":{"line":12,"column":29}}},"fnMap":{},"branchMap":{},"s":{"0":0,"1":0,"2":0,"3":0,"4":0,"5":0,"6":0},"f":{},"b":{}}
,"C:\\Users\\bjarn\\OneDrive\\Desktop\\Vef2-hopverk1\\Vef2-Hopverk1\\src\\routes\\authRoutes.ts": {"path":"C:\\Users\\bjarn\\OneDrive\\Desktop\\Vef2-hopverk1\\Vef2-Hopverk1\\src\\routes\\authRoutes.ts","statementMap":{"0":{"start":{"line":1,"column":0},"end":{"line":1,"column":27}},"1":{"start":{"line":2,"column":0},"end":{"line":2,"column":63}},"2":{"start":{"line":4,"column":19},"end":{"line":4,"column":29}},"3":{"start":{"line":6,"column":0},"end":{"line":6,"column":null}},"4":{"start":{"line":7,"column":0},"end":{"line":7,"column":null}},"5":{"start":{"line":9,"column":0},"end":{"line":9,"column":null}}},"fnMap":{},"branchMap":{},"s":{"0":0,"1":0,"2":0,"3":0,"4":0,"5":0},"f":{},"b":{}}
,"C:\\Users\\bjarn\\OneDrive\\Desktop\\Vef2-hopverk1\\Vef2-Hopverk1\\src\\routes\\championRoutes.ts": {"path":"C:\\Users\\bjarn\\OneDrive\\Desktop\\Vef2-hopverk1\\Vef2-Hopverk1\\src\\routes\\championRoutes.ts","statementMap":{"0":{"start":{"line":1,"column":0},"end":{"line":1,"column":27}},"1":{"start":{"line":2,"column":0},"end":{"line":2,"column":71}},"2":{"start":{"line":5,"column":23},"end":{"line":5,"column":33}},"3":{"start":{"line":8,"column":0},"end":{"line":8,"column":null}},"4":{"start":{"line":9,"column":0},"end":{"line":9,"column":null}},"5":{"start":{"line":11,"column":0},"end":{"line":11,"column":null}},"6":{"start":{"line":17,"column":0},"end":{"line":17,"column":null}}},"fnMap":{},"branchMap":{},"s":{"0":0,"1":0,"2":0,"3":0,"4":0,"5":0,"6":0},"f":{},"b":{}}
,"C:\\Users\\bjarn\\OneDrive\\Desktop\\Vef2-hopverk1\\Vef2-Hopverk1\\src\\routes\\itemRoutes.ts": {"path":"C:\\Users\\bjarn\\OneDrive\\Desktop\\Vef2-hopverk1\\Vef2-Hopverk1\\src\\routes\\itemRoutes.ts","statementMap":{"0":{"start":{"line":1,"column":0},"end":{"line":1,"column":27}},"1":{"start":{"line":2,"column":0},"end":{"line":2,"column":63}},"2":{"start":{"line":4,"column":19},"end":{"line":4,"column":29}},"3":{"start":{"line":7,"column":0},"end":{"line":7,"column":null}},"4":{"start":{"line":8,"column":0},"end":{"line":8,"column":null}},"5":{"start":{"line":11,"column":0},"end":{"line":11,"column":null}},"6":{"start":{"line":13,"column":0},"end":{"line":13,"column":null}}},"fnMap":{},"branchMap":{},"s":{"0":0,"1":0,"2":0,"3":0,"4":0,"5":0,"6":0},"f":{},"b":{}}
,"C:\\Users\\bjarn\\OneDrive\\Desktop\\Vef2-hopverk1\\Vef2-Hopverk1\\src\\routes\\testRoutes.ts": {"path":"C:\\Users\\bjarn\\OneDrive\\Desktop\\Vef2-hopverk1\\Vef2-Hopverk1\\src\\routes\\testRoutes.ts","statementMap":{"0":{"start":{"line":1,"column":0},"end":{"line":1,"column":27}},"1":{"start":{"line":2,"column":0},"end":{"line":2,"column":45}},"2":{"start":{"line":4,"column":15},"end":{"line":4,"column":33}},"3":{"start":{"line":5,"column":19},"end":{"line":5,"column":29}},"4":{"start":{"line":7,"column":0},"end":{"line":29,"column":null}},"5":{"start":{"line":7,"column":37},"end":{"line":29,"column":2}},"6":{"start":{"line":8,"column":2},"end":{"line":28,"column":3}},"7":{"start":{"line":9,"column":18},"end":{"line":15,"column":6}},"8":{"start":{"line":17,"column":4},"end":{"line":21,"column":null}},"9":{"start":{"line":23,"column":4},"end":{"line":23,"column":null}},"10":{"start":{"line":24,"column":4},"end":{"line":27,"column":null}},"11":{"start":{"line":31,"column":0},"end":{"line":31,"column":null}}},"fnMap":{"0":{"name":"(anonymous_7)","decl":{"start":{"line":7,"column":25},"end":{"line":7,"column":32}},"loc":{"start":{"line":7,"column":37},"end":{"line":29,"column":2}}},"1":{"name":"(anonymous_8)","decl":{"start":{"line":7,"column":37},"end":{"line":7,"column":null}},"loc":{"start":{"line":7,"column":37},"end":{"line":29,"column":1}}}},"branchMap":{"0":{"loc":{"start":{"line":26,"column":15},"end":{"line":26,"column":71}},"type":"cond-expr","locations":[{"start":{"line":26,"column":40},"end":{"line":26,"column":53}},{"start":{"line":26,"column":56},"end":{"line":26,"column":71}}]}},"s":{"0":0,"1":0,"2":0,"3":0,"4":0,"5":0,"6":0,"7":0,"8":0,"9":0,"10":0,"11":0},"f":{"0":0,"1":0},"b":{"0":[0,0]}}
,"C:\\Users\\bjarn\\OneDrive\\Desktop\\Vef2-hopverk1\\Vef2-Hopverk1\\src\\services\\accountService.ts": {"path":"C:\\Users\\bjarn\\OneDrive\\Desktop\\Vef2-hopverk1\\Vef2-Hopverk1\\src\\services\\accountService.ts","statementMap":{"0":{"start":{"line":1,"column":0},"end":{"line":1,"column":46}},"1":{"start":{"line":2,"column":0},"end":{"line":2,"column":67}},"2":{"start":{"line":3,"column":0},"end":{"line":3,"column":79}},"3":{"start":{"line":5,"column":15},"end":{"line":5,"column":33}},"4":{"start":{"line":7,"column":34},"end":{"line":48,"column":2}},"5":{"start":{"line":7,"column":80},"end":{"line":48,"column":2}},"6":{"start":{"line":9,"column":15},"end":{"line":11,"column":4}},"7":{"start":{"line":13,"column":2},"end":{"line":15,"column":3}},"8":{"start":{"line":14,"column":4},"end":{"line":14,"column":43}},"9":{"start":{"line":18,"column":20},"end":{"line":18,"column":24}},"10":{"start":{"line":19,"column":2},"end":{"line":24,"column":3}},"11":{"start":{"line":21,"column":21},"end":{"line":21,"column":52}},"12":{"start":{"line":22,"column":25},"end":{"line":22,"column":54}},"13":{"start":{"line":23,"column":4},"end":{"line":23,"column":45}},"14":{"start":{"line":27,"column":17},"end":{"line":27,"column":54}},"15":{"start":{"line":30,"column":22},"end":{"line":33,"column":4}},"16":{"start":{"line":36,"column":2},"end":{"line":43,"column":3}},"17":{"start":{"line":37,"column":4},"end":{"line":42,"column":5}},"18":{"start":{"line":38,"column":6},"end":{"line":38,"column":46}},"19":{"start":{"line":40,"column":6},"end":{"line":40,"column":58}},"20":{"start":{"line":46,"column":51},"end":{"line":46,"column":62}},"21":{"start":{"line":46,"column":46},"end":{"line":46,"column":51}},"22":{"start":{"line":47,"column":2},"end":{"line":47,"column":29}},"23":{"start":{"line":7,"column":13},"end":{"line":7,"column":34}},"24":{"start":{"line":50,"column":30},"end":{"line":55,"column":2}},"25":{"start":{"line":50,"column":76},"end":{"line":55,"column":2}},"26":{"start":{"line":51,"column":4},"end":{"line":54,"column":7}},"27":{"start":{"line":50,"column":13},"end":{"line":50,"column":30}},"28":{"start":{"line":57,"column":30},"end":{"line":75,"column":4}},"29":{"start":{"line":61,"column":6},"end":{"line":75,"column":4}},"30":{"start":{"line":62,"column":17},"end":{"line":62,"column":72}},"31":{"start":{"line":63,"column":4},"end":{"line":65,"column":5}},"32":{"start":{"line":64,"column":6},"end":{"line":64,"column":45}},"33":{"start":{"line":66,"column":20},"end":{"line":66,"column":78}},"34":{"start":{"line":67,"column":4},"end":{"line":69,"column":5}},"35":{"start":{"line":68,"column":6},"end":{"line":68,"column":43}},"36":{"start":{"line":70,"column":30},"end":{"line":70,"column":61}},"37":{"start":{"line":71,"column":4},"end":{"line":74,"column":7}},"38":{"start":{"line":57,"column":13},"end":{"line":57,"column":30}}},"fnMap":{"0":{"name":"(anonymous_8)","decl":{"start":{"line":7,"column":34},"end":{"line":7,"column":41}},"loc":{"start":{"line":7,"column":80},"end":{"line":48,"column":2}}},"1":{"name":"(anonymous_9)","decl":{"start":{"line":7,"column":80},"end":{"line":7,"column":null}},"loc":{"start":{"line":7,"column":80},"end":{"line":48,"column":1}}},"2":{"name":"(anonymous_10)","decl":{"start":{"line":50,"column":30},"end":{"line":50,"column":37}},"loc":{"start":{"line":50,"column":76},"end":{"line":55,"column":2}}},"3":{"name":"(anonymous_11)","decl":{"start":{"line":50,"column":76},"end":{"line":50,"column":null}},"loc":{"start":{"line":50,"column":76},"end":{"line":55,"column":1}}},"4":{"name":"(anonymous_12)","decl":{"start":{"line":57,"column":30},"end":{"line":57,"column":null}},"loc":{"start":{"line":61,"column":6},"end":{"line":75,"column":4}}},"5":{"name":"(anonymous_13)","decl":{"start":{"line":61,"column":6},"end":{"line":61,"column":null}},"loc":{"start":{"line":61,"column":6},"end":{"line":75,"column":3}}}},"branchMap":{"0":{"loc":{"start":{"line":13,"column":2},"end":{"line":15,"column":3}},"type":"if","locations":[{"start":{"line":13,"column":2},"end":{"line":15,"column":3}}]},"1":{"loc":{"start":{"line":19,"column":2},"end":{"line":24,"column":3}},"type":"if","locations":[{"start":{"line":19,"column":2},"end":{"line":24,"column":3}}]},"2":{"loc":{"start":{"line":19,"column":6},"end":{"line":19,"column":73}},"type":"binary-expr","locations":[{"start":{"line":19,"column":6},"end":{"line":19,"column":26}},{"start":{"line":19,"column":30},"end":{"line":19,"column":73}}]},"3":{"loc":{"start":{"line":36,"column":2},"end":{"line":43,"column":3}},"type":"if","locations":[{"start":{"line":36,"column":2},"end":{"line":43,"column":3}}]},"4":{"loc":{"start":{"line":63,"column":4},"end":{"line":65,"column":5}},"type":"if","locations":[{"start":{"line":63,"column":4},"end":{"line":65,"column":5}}]},"5":{"loc":{"start":{"line":67,"column":4},"end":{"line":69,"column":5}},"type":"if","locations":[{"start":{"line":67,"column":4},"end":{"line":69,"column":5}}]}},"s":{"0":0,"1":0,"2":0,"3":0,"4":0,"5":0,"6":0,"7":0,"8":0,"9":0,"10":0,"11":0,"12":0,"13":0,"14":0,"15":0,"16":0,"17":0,"18":0,"19":0,"20":0,"21":0,"22":0,"23":0,"24":0,"25":0,"26":0,"27":0,"28":0,"29":0,"30":0,"31":0,"32":0,"33":0,"34":0,"35":0,"36":0,"37":0,"38":0},"f":{"0":0,"1":0,"2":0,"3":0,"4":0,"5":0},"b":{"0":[0],"1":[0],"2":[0,0],"3":[0],"4":[0],"5":[0]}}
,"C:\\Users\\bjarn\\OneDrive\\Desktop\\Vef2-hopverk1\\Vef2-Hopverk1\\src\\services\\authService.ts": {"path":"C:\\Users\\bjarn\\OneDrive\\Desktop\\Vef2-hopverk1\\Vef2-Hopverk1\\src\\services\\authService.ts","statementMap":{"0":{"start":{"line":1,"column":0},"end":{"line":1,"column":46}},"1":{"start":{"line":2,"column":0},"end":{"line":2,"column":67}},"2":{"start":{"line":3,"column":0},"end":{"line":3,"column":31}},"3":{"start":{"line":5,"column":15},"end":{"line":5,"column":33}},"4":{"start":{"line":6,"column":19},"end":{"line":6,"column":78}},"5":{"start":{"line":8,"column":28},"end":{"line":31,"column":2}},"6":{"start":{"line":8,"column":70},"end":{"line":31,"column":2}},"7":{"start":{"line":10,"column":25},"end":{"line":12,"column":6}},"8":{"start":{"line":14,"column":4},"end":{"line":16,"column":5}},"9":{"start":{"line":15,"column":8},"end":{"line":15,"column":66}},"10":{"start":{"line":18,"column":27},"end":{"line":18,"column":55}},"11":{"start":{"line":20,"column":17},"end":{"line":26,"column":6}},"12":{"start":{"line":29,"column":53},"end":{"line":29,"column":57}},"13":{"start":{"line":29,"column":48},"end":{"line":29,"column":53}},"14":{"start":{"line":30,"column":4},"end":{"line":30,"column":31}},"15":{"start":{"line":8,"column":13},"end":{"line":8,"column":28}},"16":{"start":{"line":33,"column":25},"end":{"line":56,"column":2}},"17":{"start":{"line":33,"column":67},"end":{"line":56,"column":2}},"18":{"start":{"line":34,"column":17},"end":{"line":36,"column":6}},"19":{"start":{"line":38,"column":4},"end":{"line":40,"column":5}},"20":{"start":{"line":39,"column":8},"end":{"line":39,"column":57}},"21":{"start":{"line":43,"column":18},"end":{"line":46,"column":null}},"22":{"start":{"line":50,"column":53},"end":{"line":50,"column":57}},"23":{"start":{"line":50,"column":48},"end":{"line":50,"column":53}},"24":{"start":{"line":52,"column":4},"end":{"line":55,"column":6}},"25":{"start":{"line":33,"column":13},"end":{"line":33,"column":25}},"26":{"start":{"line":59,"column":31},"end":{"line":80,"column":2}},"27":{"start":{"line":59,"column":42},"end":{"line":80,"column":2}},"28":{"start":{"line":60,"column":23},"end":{"line":60,"column":42}},"29":{"start":{"line":61,"column":26},"end":{"line":61,"column":44}},"30":{"start":{"line":64,"column":26},"end":{"line":66,"column":6}},"31":{"start":{"line":68,"column":4},"end":{"line":79,"column":5}},"32":{"start":{"line":69,"column":31},"end":{"line":69,"column":64}},"33":{"start":{"line":70,"column":8},"end":{"line":77,"column":11}},"34":{"start":{"line":78,"column":8},"end":{"line":78,"column":55}},"35":{"start":{"line":59,"column":13},"end":{"line":59,"column":31}}},"fnMap":{"0":{"name":"(anonymous_9)","decl":{"start":{"line":8,"column":28},"end":{"line":8,"column":35}},"loc":{"start":{"line":8,"column":70},"end":{"line":31,"column":2}}},"1":{"name":"(anonymous_10)","decl":{"start":{"line":8,"column":70},"end":{"line":8,"column":null}},"loc":{"start":{"line":8,"column":70},"end":{"line":31,"column":1}}},"2":{"name":"(anonymous_11)","decl":{"start":{"line":33,"column":25},"end":{"line":33,"column":32}},"loc":{"start":{"line":33,"column":67},"end":{"line":56,"column":2}}},"3":{"name":"(anonymous_12)","decl":{"start":{"line":33,"column":67},"end":{"line":33,"column":null}},"loc":{"start":{"line":33,"column":67},"end":{"line":56,"column":1}}},"4":{"name":"(anonymous_13)","decl":{"start":{"line":59,"column":31},"end":{"line":59,"column":40}},"loc":{"start":{"line":59,"column":42},"end":{"line":80,"column":2}}},"5":{"name":"(anonymous_14)","decl":{"start":{"line":59,"column":42},"end":{"line":59,"column":null}},"loc":{"start":{"line":59,"column":42},"end":{"line":80,"column":1}}}},"branchMap":{"0":{"loc":{"start":{"line":6,"column":19},"end":{"line":6,"column":78}},"type":"binary-expr","locations":[{"start":{"line":6,"column":19},"end":{"line":6,"column":41}},{"start":{"line":6,"column":45},"end":{"line":6,"column":78}}]},"1":{"loc":{"start":{"line":14,"column":4},"end":{"line":16,"column":5}},"type":"if","locations":[{"start":{"line":14,"column":4},"end":{"line":16,"column":5}}]},"2":{"loc":{"start":{"line":38,"column":4},"end":{"line":40,"column":5}},"type":"if","locations":[{"start":{"line":38,"column":4},"end":{"line":40,"column":5}}]},"3":{"loc":{"start":{"line":38,"column":8},"end":{"line":38,"column":71}},"type":"binary-expr","locations":[{"start":{"line":38,"column":8},"end":{"line":38,"column":13}},{"start":{"line":38,"column":17},"end":{"line":38,"column":71}}]},"4":{"loc":{"start":{"line":68,"column":4},"end":{"line":79,"column":5}},"type":"if","locations":[{"start":{"line":68,"column":4},"end":{"line":79,"column":5}}]}},"s":{"0":0,"1":0,"2":0,"3":0,"4":0,"5":0,"6":0,"7":0,"8":0,"9":0,"10":0,"11":0,"12":0,"13":0,"14":0,"15":0,"16":0,"17":0,"18":0,"19":0,"20":0,"21":0,"22":0,"23":0,"24":0,"25":0,"26":0,"27":0,"28":0,"29":0,"30":0,"31":0,"32":0,"33":0,"34":0,"35":0},"f":{"0":0,"1":0,"2":0,"3":0,"4":0,"5":0},"b":{"0":[0,0],"1":[0],"2":[0],"3":[0,0],"4":[0]}}
,"C:\\Users\\bjarn\\OneDrive\\Desktop\\Vef2-hopverk1\\Vef2-Hopverk1\\src\\services\\championService.ts": {"path":"C:\\Users\\bjarn\\OneDrive\\Desktop\\Vef2-hopverk1\\Vef2-Hopverk1\\src\\services\\championService.ts","statementMap":{"0":{"start":{"line":1,"column":0},"end":{"line":1,"column":45}},"1":{"start":{"line":3,"column":0},"end":{"line":3,"column":132}},"2":{"start":{"line":5,"column":15},"end":{"line":5,"column":33}},"3":{"start":{"line":7,"column":32},"end":{"line":23,"column":null}},"4":{"start":{"line":7,"column":58},"end":{"line":23,"column":null}},"5":{"start":{"line":8,"column":2},"end":{"line":22,"column":3}},"6":{"start":{"line":9,"column":40},"end":{"line":9,"column":66}},"7":{"start":{"line":10,"column":20},"end":{"line":10,"column":41}},"8":{"start":{"line":12,"column":4},"end":{"line":12,"column":null}},"9":{"start":{"line":14,"column":4},"end":{"line":16,"column":5}},"10":{"start":{"line":15,"column":6},"end":{"line":15,"column":null}},"11":{"start":{"line":18,"column":4},"end":{"line":18,"column":null}},"12":{"start":{"line":20,"column":4},"end":{"line":20,"column":null}},"13":{"start":{"line":21,"column":4},"end":{"line":21,"column":null}},"14":{"start":{"line":7,"column":13},"end":{"line":7,"column":32}},"15":{"start":{"line":24,"column":35},"end":{"line":110,"column":null}},"16":{"start":{"line":24,"column":96},"end":{"line":110,"column":null}},"17":{"start":{"line":25,"column":2},"end":{"line":109,"column":3}},"18":{"start":{"line":26,"column":28},"end":{"line":26,"column":66}},"19":{"start":{"line":28,"column":4},"end":{"line":97,"column":null}},"20":{"start":{"line":99,"column":4},"end":{"line":99,"column":null}},"21":{"start":{"line":101,"column":4},"end":{"line":101,"column":null}},"22":{"start":{"line":103,"column":4},"end":{"line":103,"column":null}},"23":{"start":{"line":105,"column":4},"end":{"line":105,"column":null}},"24":{"start":{"line":107,"column":4},"end":{"line":107,"column":null}},"25":{"start":{"line":108,"column":4},"end":{"line":108,"column":null}},"26":{"start":{"line":24,"column":13},"end":{"line":24,"column":35}},"27":{"start":{"line":111,"column":32},"end":{"line":124,"column":null}},"28":{"start":{"line":111,"column":87},"end":{"line":124,"column":null}},"29":{"start":{"line":112,"column":2},"end":{"line":114,"column":null}},"30":{"start":{"line":116,"column":2},"end":{"line":123,"column":3}},"31":{"start":{"line":117,"column":4},"end":{"line":122,"column":null}},"32":{"start":{"line":111,"column":13},"end":{"line":111,"column":32}},"33":{"start":{"line":126,"column":37},"end":{"line":160,"column":null}},"34":{"start":{"line":126,"column":92},"end":{"line":160,"column":null}},"35":{"start":{"line":127,"column":2},"end":{"line":129,"column":null}},"36":{"start":{"line":131,"column":2},"end":{"line":140,"column":null}},"37":{"start":{"line":142,"column":16},"end":{"line":142,"column":36}},"38":{"start":{"line":143,"column":2},"end":{"line":159,"column":3}},"39":{"start":{"line":143,"column":15},"end":{"line":143,"column":16}},"40":{"start":{"line":144,"column":18},"end":{"line":144,"column":43}},"41":{"start":{"line":145,"column":4},"end":{"line":158,"column":null}},"42":{"start":{"line":126,"column":13},"end":{"line":126,"column":37}},"43":{"start":{"line":162,"column":33},"end":{"line":179,"column":null}},"44":{"start":{"line":162,"column":88},"end":{"line":179,"column":null}},"45":{"start":{"line":163,"column":2},"end":{"line":165,"column":null}},"46":{"start":{"line":167,"column":2},"end":{"line":178,"column":3}},"47":{"start":{"line":168,"column":4},"end":{"line":177,"column":null}},"48":{"start":{"line":162,"column":13},"end":{"line":162,"column":33}},"49":{"start":{"line":181,"column":31},"end":{"line":206,"column":null}},"50":{"start":{"line":181,"column":62},"end":{"line":206,"column":null}},"51":{"start":{"line":182,"column":17},"end":{"line":182,"column":35}},"52":{"start":{"line":183,"column":36},"end":{"line":195,"column":6}},"53":{"start":{"line":197,"column":4},"end":{"line":205,"column":null}},"54":{"start":{"line":181,"column":13},"end":{"line":181,"column":31}},"55":{"start":{"line":208,"column":31},"end":{"line":223,"column":4}},"56":{"start":{"line":208,"column":52},"end":{"line":223,"column":4}},"57":{"start":{"line":209,"column":21},"end":{"line":216,"column":6}},"58":{"start":{"line":218,"column":4},"end":{"line":220,"column":5}},"59":{"start":{"line":219,"column":6},"end":{"line":219,"column":18}},"60":{"start":{"line":222,"column":4},"end":{"line":222,"column":20}},"61":{"start":{"line":208,"column":13},"end":{"line":208,"column":31}},"62":{"start":{"line":224,"column":34},"end":{"line":255,"column":null}},"63":{"start":{"line":224,"column":79},"end":{"line":255,"column":null}},"64":{"start":{"line":226,"column":21},"end":{"line":228,"column":6}},"65":{"start":{"line":230,"column":4},"end":{"line":232,"column":5}},"66":{"start":{"line":231,"column":6},"end":{"line":231,"column":null}},"67":{"start":{"line":235,"column":29},"end":{"line":242,"column":6}},"68":{"start":{"line":244,"column":4},"end":{"line":246,"column":5}},"69":{"start":{"line":245,"column":6},"end":{"line":245,"column":null}},"70":{"start":{"line":249,"column":4},"end":{"line":254,"column":null}},"71":{"start":{"line":224,"column":15},"end":{"line":224,"column":34}},"72":{"start":{"line":257,"column":36},"end":{"line":281,"column":null}},"73":{"start":{"line":257,"column":81},"end":{"line":281,"column":null}},"74":{"start":{"line":259,"column":21},"end":{"line":266,"column":6}},"75":{"start":{"line":268,"column":4},"end":{"line":270,"column":5}},"76":{"start":{"line":269,"column":6},"end":{"line":269,"column":null}},"77":{"start":{"line":273,"column":4},"end":{"line":280,"column":null}},"78":{"start":{"line":257,"column":15},"end":{"line":257,"column":36}},"79":{"start":{"line":283,"column":34},"end":{"line":293,"column":null}},"80":{"start":{"line":283,"column":59},"end":{"line":293,"column":null}},"81":{"start":{"line":285,"column":4},"end":{"line":292,"column":null}},"82":{"start":{"line":283,"column":15},"end":{"line":283,"column":34}}},"fnMap":{"0":{"name":"(anonymous_7)","decl":{"start":{"line":7,"column":32},"end":{"line":7,"column":56}},"loc":{"start":{"line":7,"column":58},"end":{"line":23,"column":null}}},"1":{"name":"(anonymous_8)","decl":{"start":{"line":7,"column":58},"end":{"line":7,"column":null}},"loc":{"start":{"line":7,"column":58},"end":{"line":23,"column":1}}},"2":{"name":"(anonymous_9)","decl":{"start":{"line":24,"column":35},"end":{"line":24,"column":42}},"loc":{"start":{"line":24,"column":96},"end":{"line":110,"column":null}}},"3":{"name":"(anonymous_10)","decl":{"start":{"line":24,"column":96},"end":{"line":24,"column":null}},"loc":{"start":{"line":24,"column":96},"end":{"line":110,"column":1}}},"4":{"name":"(anonymous_11)","decl":{"start":{"line":111,"column":32},"end":{"line":111,"column":39}},"loc":{"start":{"line":111,"column":87},"end":{"line":124,"column":null}}},"5":{"name":"(anonymous_12)","decl":{"start":{"line":111,"column":87},"end":{"line":111,"column":null}},"loc":{"start":{"line":111,"column":87},"end":{"line":124,"column":1}}},"6":{"name":"(anonymous_13)","decl":{"start":{"line":126,"column":37},"end":{"line":126,"column":44}},"loc":{"start":{"line":126,"column":92},"end":{"line":160,"column":null}}},"7":{"name":"(anonymous_14)","decl":{"start":{"line":126,"column":92},"end":{"line":126,"column":null}},"loc":{"start":{"line":126,"column":92},"end":{"line":160,"column":1}}},"8":{"name":"(anonymous_15)","decl":{"start":{"line":162,"column":33},"end":{"line":162,"column":40}},"loc":{"start":{"line":162,"column":88},"end":{"line":179,"column":null}}},"9":{"name":"(anonymous_16)","decl":{"start":{"line":162,"column":88},"end":{"line":162,"column":null}},"loc":{"start":{"line":162,"column":88},"end":{"line":179,"column":1}}},"10":{"name":"(anonymous_17)","decl":{"start":{"line":181,"column":31},"end":{"line":181,"column":38}},"loc":{"start":{"line":181,"column":62},"end":{"line":206,"column":null}}},"11":{"name":"(anonymous_18)","decl":{"start":{"line":181,"column":62},"end":{"line":181,"column":null}},"loc":{"start":{"line":181,"column":58},"end":{"line":206,"column":1}}},"12":{"name":"(anonymous_19)","decl":{"start":{"line":208,"column":31},"end":{"line":208,"column":38}},"loc":{"start":{"line":208,"column":52},"end":{"line":223,"column":4}}},"13":{"name":"(anonymous_20)","decl":{"start":{"line":208,"column":52},"end":{"line":208,"column":null}},"loc":{"start":{"line":208,"column":52},"end":{"line":223,"column":3}}},"14":{"name":"(anonymous_21)","decl":{"start":{"line":224,"column":34},"end":{"line":224,"column":41}},"loc":{"start":{"line":224,"column":79},"end":{"line":255,"column":null}}},"15":{"name":"(anonymous_22)","decl":{"start":{"line":224,"column":79},"end":{"line":224,"column":null}},"loc":{"start":{"line":224,"column":79},"end":{"line":255,"column":3}}},"16":{"name":"(anonymous_23)","decl":{"start":{"line":257,"column":36},"end":{"line":257,"column":43}},"loc":{"start":{"line":257,"column":81},"end":{"line":281,"column":null}}},"17":{"name":"(anonymous_24)","decl":{"start":{"line":257,"column":81},"end":{"line":257,"column":null}},"loc":{"start":{"line":257,"column":81},"end":{"line":281,"column":3}}},"18":{"name":"(anonymous_25)","decl":{"start":{"line":283,"column":34},"end":{"line":283,"column":41}},"loc":{"start":{"line":283,"column":59},"end":{"line":293,"column":null}}},"19":{"name":"(anonymous_26)","decl":{"start":{"line":283,"column":59},"end":{"line":283,"column":null}},"loc":{"start":{"line":283,"column":59},"end":{"line":293,"column":3}}}},"branchMap":{"0":{"loc":{"start":{"line":181,"column":38},"end":{"line":181,"column":46}},"type":"default-arg","locations":[{"start":{"line":181,"column":45},"end":{"line":181,"column":46}}]},"1":{"loc":{"start":{"line":181,"column":48},"end":{"line":181,"column":58}},"type":"default-arg","locations":[{"start":{"line":181,"column":56},"end":{"line":181,"column":58}}]},"2":{"loc":{"start":{"line":218,"column":4},"end":{"line":220,"column":5}},"type":"if","locations":[{"start":{"line":218,"column":4},"end":{"line":220,"column":5}}]},"3":{"loc":{"start":{"line":230,"column":4},"end":{"line":232,"column":5}},"type":"if","locations":[{"start":{"line":230,"column":4},"end":{"line":232,"column":5}}]},"4":{"loc":{"start":{"line":244,"column":4},"end":{"line":246,"column":5}},"type":"if","locations":[{"start":{"line":244,"column":4},"end":{"line":246,"column":5}}]},"5":{"loc":{"start":{"line":268,"column":4},"end":{"line":270,"column":5}},"type":"if","locations":[{"start":{"line":268,"column":4},"end":{"line":270,"column":5}}]}},"s":{"0":0,"1":0,"2":0,"3":0,"4":0,"5":0,"6":0,"7":0,"8":0,"9":0,"10":0,"11":0,"12":0,"13":0,"14":0,"15":0,"16":0,"17":0,"18":0,"19":0,"20":0,"21":0,"22":0,"23":0,"24":0,"25":0,"26":0,"27":0,"28":0,"29":0,"30":0,"31":0,"32":0,"33":0,"34":0,"35":0,"36":0,"37":0,"38":0,"39":0,"40":0,"41":0,"42":0,"43":0,"44":0,"45":0,"46":0,"47":0,"48":0,"49":0,"50":0,"51":0,"52":0,"53":0,"54":0,"55":0,"56":0,"57":0,"58":0,"59":0,"60":0,"61":0,"62":0,"63":0,"64":0,"65":0,"66":0,"67":0,"68":0,"69":0,"70":0,"71":0,"72":0,"73":0,"74":0,"75":0,"76":0,"77":0,"78":0,"79":0,"80":0,"81":0,"82":0},"f":{"0":0,"1":0,"2":0,"3":0,"4":0,"5":0,"6":0,"7":0,"8":0,"9":0,"10":0,"11":0,"12":0,"13":0,"14":0,"15":0,"16":0,"17":0,"18":0,"19":0},"b":{"0":[0],"1":[0],"2":[0],"3":[0],"4":[0],"5":[0]}}
,"C:\\Users\\bjarn\\OneDrive\\Desktop\\Vef2-hopverk1\\Vef2-Hopverk1\\src\\services\\itemService.ts": {"path":"C:\\Users\\bjarn\\OneDrive\\Desktop\\Vef2-hopverk1\\Vef2-Hopverk1\\src\\services\\itemService.ts","statementMap":{"0":{"start":{"line":1,"column":0},"end":{"line":1,"column":45}},"1":{"start":{"line":3,"column":0},"end":{"line":3,"column":62}},"2":{"start":{"line":5,"column":15},"end":{"line":5,"column":33}},"3":{"start":{"line":7,"column":28},"end":{"line":25,"column":null}},"4":{"start":{"line":7,"column":54},"end":{"line":25,"column":null}},"5":{"start":{"line":8,"column":2},"end":{"line":24,"column":3}},"6":{"start":{"line":9,"column":4},"end":{"line":9,"column":null}},"7":{"start":{"line":10,"column":33},"end":{"line":10,"column":55}},"8":{"start":{"line":12,"column":4},"end":{"line":12,"column":null}},"9":{"start":{"line":14,"column":4},"end":{"line":16,"column":5}},"10":{"start":{"line":15,"column":6},"end":{"line":15,"column":null}},"11":{"start":{"line":18,"column":4},"end":{"line":18,"column":null}},"12":{"start":{"line":20,"column":4},"end":{"line":20,"column":null}},"13":{"start":{"line":22,"column":4},"end":{"line":22,"column":null}},"14":{"start":{"line":23,"column":4},"end":{"line":23,"column":null}},"15":{"start":{"line":7,"column":13},"end":{"line":7,"column":28}},"16":{"start":{"line":27,"column":17},"end":{"line":70,"column":null}},"17":{"start":{"line":27,"column":94},"end":{"line":70,"column":null}},"18":{"start":{"line":28,"column":2},"end":{"line":69,"column":3}},"19":{"start":{"line":29,"column":4},"end":{"line":29,"column":null}},"20":{"start":{"line":31,"column":4},"end":{"line":60,"column":null}},"21":{"start":{"line":62,"column":4},"end":{"line":62,"column":null}},"22":{"start":{"line":64,"column":4},"end":{"line":64,"column":null}},"23":{"start":{"line":67,"column":4},"end":{"line":67,"column":null}},"24":{"start":{"line":68,"column":4},"end":{"line":68,"column":null}},"25":{"start":{"line":72,"column":22},"end":{"line":88,"column":null}},"26":{"start":{"line":72,"column":93},"end":{"line":88,"column":null}},"27":{"start":{"line":73,"column":2},"end":{"line":75,"column":null}},"28":{"start":{"line":77,"column":2},"end":{"line":87,"column":3}},"29":{"start":{"line":78,"column":4},"end":{"line":86,"column":5}},"30":{"start":{"line":79,"column":6},"end":{"line":85,"column":null}},"31":{"start":{"line":90,"column":21},"end":{"line":103,"column":null}},"32":{"start":{"line":90,"column":77},"end":{"line":103,"column":null}},"33":{"start":{"line":91,"column":2},"end":{"line":93,"column":null}},"34":{"start":{"line":95,"column":2},"end":{"line":102,"column":3}},"35":{"start":{"line":96,"column":4},"end":{"line":101,"column":null}},"36":{"start":{"line":105,"column":23},"end":{"line":124,"column":null}},"37":{"start":{"line":105,"column":69},"end":{"line":124,"column":null}},"38":{"start":{"line":106,"column":2},"end":{"line":106,"column":null}},"39":{"start":{"line":108,"column":2},"end":{"line":123,"column":3}},"40":{"start":{"line":109,"column":4},"end":{"line":122,"column":5}},"41":{"start":{"line":110,"column":6},"end":{"line":121,"column":7}},"42":{"start":{"line":111,"column":8},"end":{"line":120,"column":9}},"43":{"start":{"line":112,"column":10},"end":{"line":117,"column":null}},"44":{"start":{"line":119,"column":10},"end":{"line":119,"column":null}},"45":{"start":{"line":126,"column":27},"end":{"line":150,"column":null}},"46":{"start":{"line":126,"column":58},"end":{"line":150,"column":null}},"47":{"start":{"line":127,"column":15},"end":{"line":127,"column":33}},"48":{"start":{"line":129,"column":30},"end":{"line":139,"column":4}},"49":{"start":{"line":141,"column":2},"end":{"line":149,"column":null}},"50":{"start":{"line":126,"column":13},"end":{"line":126,"column":27}},"51":{"start":{"line":152,"column":27},"end":{"line":182,"column":null}},"52":{"start":{"line":152,"column":48},"end":{"line":182,"column":null}},"53":{"start":{"line":153,"column":2},"end":{"line":181,"column":null}},"54":{"start":{"line":152,"column":13},"end":{"line":152,"column":27}}},"fnMap":{"0":{"name":"(anonymous_7)","decl":{"start":{"line":7,"column":28},"end":{"line":7,"column":52}},"loc":{"start":{"line":7,"column":54},"end":{"line":25,"column":null}}},"1":{"name":"(anonymous_8)","decl":{"start":{"line":7,"column":54},"end":{"line":7,"column":null}},"loc":{"start":{"line":7,"column":54},"end":{"line":25,"column":1}}},"2":{"name":"(anonymous_9)","decl":{"start":{"line":27,"column":17},"end":{"line":27,"column":24}},"loc":{"start":{"line":27,"column":94},"end":{"line":70,"column":null}}},"3":{"name":"(anonymous_10)","decl":{"start":{"line":27,"column":94},"end":{"line":27,"column":null}},"loc":{"start":{"line":27,"column":94},"end":{"line":70,"column":1}}},"4":{"name":"(anonymous_11)","decl":{"start":{"line":72,"column":22},"end":{"line":72,"column":29}},"loc":{"start":{"line":72,"column":93},"end":{"line":88,"column":null}}},"5":{"name":"(anonymous_12)","decl":{"start":{"line":72,"column":93},"end":{"line":72,"column":null}},"loc":{"start":{"line":72,"column":93},"end":{"line":88,"column":1}}},"6":{"name":"(anonymous_13)","decl":{"start":{"line":90,"column":21},"end":{"line":90,"column":28}},"loc":{"start":{"line":90,"column":77},"end":{"line":103,"column":null}}},"7":{"name":"(anonymous_14)","decl":{"start":{"line":90,"column":77},"end":{"line":90,"column":null}},"loc":{"start":{"line":90,"column":77},"end":{"line":103,"column":1}}},"8":{"name":"(anonymous_15)","decl":{"start":{"line":105,"column":23},"end":{"line":105,"column":30}},"loc":{"start":{"line":105,"column":69},"end":{"line":124,"column":null}}},"9":{"name":"(anonymous_16)","decl":{"start":{"line":105,"column":69},"end":{"line":105,"column":null}},"loc":{"start":{"line":105,"column":69},"end":{"line":124,"column":1}}},"10":{"name":"(anonymous_17)","decl":{"start":{"line":126,"column":27},"end":{"line":126,"column":34}},"loc":{"start":{"line":126,"column":58},"end":{"line":150,"column":null}}},"11":{"name":"(anonymous_18)","decl":{"start":{"line":126,"column":58},"end":{"line":126,"column":null}},"loc":{"start":{"line":126,"column":54},"end":{"line":150,"column":1}}},"12":{"name":"(anonymous_19)","decl":{"start":{"line":152,"column":27},"end":{"line":152,"column":34}},"loc":{"start":{"line":152,"column":48},"end":{"line":182,"column":null}}},"13":{"name":"(anonymous_20)","decl":{"start":{"line":152,"column":48},"end":{"line":152,"column":null}},"loc":{"start":{"line":152,"column":48},"end":{"line":182,"column":1}}}},"branchMap":{"0":{"loc":{"start":{"line":36,"column":19},"end":{"line":36,"column":45}},"type":"binary-expr","locations":[{"start":{"line":36,"column":19},"end":{"line":36,"column":37}},{"start":{"line":36,"column":41},"end":{"line":36,"column":45}}]},"1":{"loc":{"start":{"line":37,"column":16},"end":{"line":37,"column":39}},"type":"binary-expr","locations":[{"start":{"line":37,"column":16},"end":{"line":37,"column":31}},{"start":{"line":37,"column":35},"end":{"line":37,"column":39}}]},"2":{"loc":{"start":{"line":50,"column":19},"end":{"line":50,"column":45}},"type":"binary-expr","locations":[{"start":{"line":50,"column":19},"end":{"line":50,"column":37}},{"start":{"line":50,"column":41},"end":{"line":50,"column":45}}]},"3":{"loc":{"start":{"line":51,"column":16},"end":{"line":51,"column":39}},"type":"binary-expr","locations":[{"start":{"line":51,"column":16},"end":{"line":51,"column":31}},{"start":{"line":51,"column":35},"end":{"line":51,"column":39}}]},"4":{"loc":{"start":{"line":78,"column":4},"end":{"line":86,"column":5}},"type":"if","locations":[{"start":{"line":78,"column":4},"end":{"line":86,"column":5}}]},"5":{"loc":{"start":{"line":109,"column":4},"end":{"line":122,"column":5}},"type":"if","locations":[{"start":{"line":109,"column":4},"end":{"line":122,"column":5}}]},"6":{"loc":{"start":{"line":109,"column":8},"end":{"line":109,"column":49}},"type":"binary-expr","locations":[{"start":{"line":109,"column":8},"end":{"line":109,"column":21}},{"start":{"line":109,"column":25},"end":{"line":109,"column":49}}]},"7":{"loc":{"start":{"line":126,"column":34},"end":{"line":126,"column":42}},"type":"default-arg","locations":[{"start":{"line":126,"column":41},"end":{"line":126,"column":42}}]},"8":{"loc":{"start":{"line":126,"column":44},"end":{"line":126,"column":54}},"type":"default-arg","locations":[{"start":{"line":126,"column":52},"end":{"line":126,"column":54}}]}},"s":{"0":0,"1":0,"2":0,"3":0,"4":0,"5":0,"6":0,"7":0,"8":0,"9":0,"10":0,"11":0,"12":0,"13":0,"14":0,"15":0,"16":0,"17":0,"18":0,"19":0,"20":0,"21":0,"22":0,"23":0,"24":0,"25":0,"26":0,"27":0,"28":0,"29":0,"30":0,"31":0,"32":0,"33":0,"34":0,"35":0,"36":0,"37":0,"38":0,"39":0,"40":0,"41":0,"42":0,"43":0,"44":0,"45":0,"46":0,"47":0,"48":0,"49":0,"50":0,"51":0,"52":0,"53":0,"54":0},"f":{"0":0,"1":0,"2":0,"3":0,"4":0,"5":0,"6":0,"7":0,"8":0,"9":0,"10":0,"11":0,"12":0,"13":0},"b":{"0":[0,0],"1":[0,0],"2":[0,0],"3":[0,0],"4":[0],"5":[0],"6":[0,0],"7":[0],"8":[0]}}
,"C:\\Users\\bjarn\\OneDrive\\Desktop\\Vef2-hopverk1\\Vef2-Hopverk1\\src\\utils\\api.ts": {"path":"C:\\Users\\bjarn\\OneDrive\\Desktop\\Vef2-hopverk1\\Vef2-Hopverk1\\src\\utils\\api.ts","statementMap":{"0":{"start":{"line":1,"column":20},"end":{"line":1,"column":28}},"1":{"start":{"line":2,"column":17},"end":{"line":2,"column":84}},"2":{"start":{"line":3,"column":23},"end":{"line":3,"column":83}},"3":{"start":{"line":7,"column":30},"end":{"line":15,"column":2}},"4":{"start":{"line":7,"column":61},"end":{"line":15,"column":2}},"5":{"start":{"line":8,"column":19},"end":{"line":8,"column":55}},"6":{"start":{"line":10,"column":2},"end":{"line":12,"column":3}},"7":{"start":{"line":11,"column":4},"end":{"line":11,"column":73}},"8":{"start":{"line":14,"column":2},"end":{"line":14,"column":25}},"9":{"start":{"line":7,"column":13},"end":{"line":7,"column":30}},"10":{"start":{"line":17,"column":31},"end":{"line":19,"column":1}},"11":{"start":{"line":18,"column":2},"end":{"line":18,"column":47}},"12":{"start":{"line":17,"column":13},"end":{"line":17,"column":31}},"13":{"start":{"line":21,"column":34},"end":{"line":29,"column":4}},"14":{"start":{"line":21,"column":68},"end":{"line":29,"column":4}},"15":{"start":{"line":22,"column":21},"end":{"line":22,"column":61}},"16":{"start":{"line":24,"column":4},"end":{"line":26,"column":5}},"17":{"start":{"line":25,"column":6},"end":{"line":25,"column":79}},"18":{"start":{"line":28,"column":4},"end":{"line":28,"column":27}},"19":{"start":{"line":21,"column":13},"end":{"line":21,"column":34}},"20":{"start":{"line":31,"column":38},"end":{"line":40,"column":4}},"21":{"start":{"line":31,"column":86},"end":{"line":40,"column":4}},"22":{"start":{"line":32,"column":21},"end":{"line":32,"column":75}},"23":{"start":{"line":34,"column":4},"end":{"line":36,"column":5}},"24":{"start":{"line":35,"column":6},"end":{"line":35,"column":82}},"25":{"start":{"line":38,"column":17},"end":{"line":38,"column":38}},"26":{"start":{"line":39,"column":4},"end":{"line":39,"column":33}},"27":{"start":{"line":31,"column":15},"end":{"line":31,"column":38}},"28":{"start":{"line":42,"column":37},"end":{"line":44,"column":3}},"29":{"start":{"line":43,"column":4},"end":{"line":43,"column":53}},"30":{"start":{"line":42,"column":15},"end":{"line":42,"column":37}},"31":{"start":{"line":46,"column":36},"end":{"line":48,"column":3}},"32":{"start":{"line":47,"column":4},"end":{"line":47,"column":50}},"33":{"start":{"line":46,"column":15},"end":{"line":46,"column":36}},"34":{"start":{"line":50,"column":36},"end":{"line":52,"column":3}},"35":{"start":{"line":51,"column":4},"end":{"line":51,"column":52}},"36":{"start":{"line":50,"column":15},"end":{"line":50,"column":36}}},"fnMap":{"0":{"name":"(anonymous_7)","decl":{"start":{"line":7,"column":30},"end":{"line":7,"column":59}},"loc":{"start":{"line":7,"column":61},"end":{"line":15,"column":2}}},"1":{"name":"(anonymous_8)","decl":{"start":{"line":7,"column":61},"end":{"line":7,"column":null}},"loc":{"start":{"line":7,"column":61},"end":{"line":15,"column":1}}},"2":{"name":"(anonymous_9)","decl":{"start":{"line":17,"column":31},"end":{"line":17,"column":32}},"loc":{"start":{"line":17,"column":61},"end":{"line":19,"column":1}}},"3":{"name":"(anonymous_10)","decl":{"start":{"line":21,"column":34},"end":{"line":21,"column":66}},"loc":{"start":{"line":21,"column":68},"end":{"line":29,"column":4}}},"4":{"name":"(anonymous_11)","decl":{"start":{"line":21,"column":68},"end":{"line":21,"column":null}},"loc":{"start":{"line":21,"column":68},"end":{"line":29,"column":3}}},"5":{"name":"(anonymous_12)","decl":{"start":{"line":31,"column":38},"end":{"line":31,"column":45}},"loc":{"start":{"line":31,"column":86},"end":{"line":40,"column":4}}},"6":{"name":"(anonymous_13)","decl":{"start":{"line":31,"column":86},"end":{"line":31,"column":null}},"loc":{"start":{"line":31,"column":86},"end":{"line":40,"column":3}}},"7":{"name":"(anonymous_14)","decl":{"start":{"line":42,"column":37},"end":{"line":42,"column":38}},"loc":{"start":{"line":42,"column":67},"end":{"line":44,"column":3}}},"8":{"name":"(anonymous_15)","decl":{"start":{"line":46,"column":36},"end":{"line":46,"column":37}},"loc":{"start":{"line":46,"column":66},"end":{"line":48,"column":3}}},"9":{"name":"(anonymous_16)","decl":{"start":{"line":50,"column":36},"end":{"line":50,"column":37}},"loc":{"start":{"line":50,"column":66},"end":{"line":52,"column":3}}}},"branchMap":{"0":{"loc":{"start":{"line":10,"column":2},"end":{"line":12,"column":3}},"type":"if","locations":[{"start":{"line":10,"column":2},"end":{"line":12,"column":3}}]},"1":{"loc":{"start":{"line":24,"column":4},"end":{"line":26,"column":5}},"type":"if","locations":[{"start":{"line":24,"column":4},"end":{"line":26,"column":5}}]},"2":{"loc":{"start":{"line":34,"column":4},"end":{"line":36,"column":5}},"type":"if","locations":[{"start":{"line":34,"column":4},"end":{"line":36,"column":5}}]}},"s":{"0":0,"1":0,"2":0,"3":0,"4":0,"5":0,"6":0,"7":0,"8":0,"9":0,"10":0,"11":0,"12":0,"13":0,"14":0,"15":0,"16":0,"17":0,"18":0,"19":0,"20":0,"21":0,"22":0,"23":0,"24":0,"25":0,"26":0,"27":0,"28":0,"29":0,"30":0,"31":0,"32":0,"33":0,"34":0,"35":0,"36":0},"f":{"0":0,"1":0,"2":0,"3":0,"4":0,"5":0,"6":0,"7":0,"8":0,"9":0},"b":{"0":[0],"1":[0],"2":[0]}}
,"C:\\Users\\bjarn\\OneDrive\\Desktop\\Vef2-hopverk1\\Vef2-Hopverk1\\src\\utils\\cloudinary.ts": {"path":"C:\\Users\\bjarn\\OneDrive\\Desktop\\Vef2-hopverk1\\Vef2-Hopverk1\\src\\utils\\cloudinary.ts","statementMap":{"0":{"start":{"line":1,"column":0},"end":{"line":1,"column":46}},"1":{"start":{"line":2,"column":0},"end":{"line":2,"column":28}},"2":{"start":{"line":4,"column":0},"end":{"line":4,"column":16}},"3":{"start":{"line":30,"column":0},"end":{"line":34,"column":3}},"4":{"start":{"line":37,"column":34},"end":{"line":48,"column":1}},"5":{"start":{"line":38,"column":2},"end":{"line":47,"column":5}},"6":{"start":{"line":39,"column":19},"end":{"line":44,"column":null}},"7":{"start":{"line":42,"column":8},"end":{"line":42,"column":40}},"8":{"start":{"line":42,"column":19},"end":{"line":42,"column":40}},"9":{"start":{"line":43,"column":8},"end":{"line":43,"column":50}},"10":{"start":{"line":46,"column":4},"end":{"line":46,"column":27}},"11":{"start":{"line":37,"column":13},"end":{"line":37,"column":34}},"12":{"start":{"line":51,"column":36},"end":{"line":58,"column":2}},"13":{"start":{"line":51,"column":96},"end":{"line":58,"column":2}},"14":{"start":{"line":52,"column":2},"end":{"line":57,"column":5}},"15":{"start":{"line":53,"column":4},"end":{"line":56,"column":7}},"16":{"start":{"line":54,"column":6},"end":{"line":54,"column":38}},"17":{"start":{"line":54,"column":17},"end":{"line":54,"column":38}},"18":{"start":{"line":55,"column":6},"end":{"line":55,"column":48}},"19":{"start":{"line":51,"column":13},"end":{"line":51,"column":36}},"20":{"start":{"line":60,"column":0},"end":{"line":60,"column":26}}},"fnMap":{"0":{"name":"(anonymous_8)","decl":{"start":{"line":37,"column":34},"end":{"line":37,"column":35}},"loc":{"start":{"line":37,"column":115},"end":{"line":48,"column":1}}},"1":{"name":"(anonymous_9)","decl":{"start":{"line":38,"column":21},"end":{"line":38,"column":22}},"loc":{"start":{"line":38,"column":41},"end":{"line":47,"column":3}}},"2":{"name":"(anonymous_10)","decl":{"start":{"line":41,"column":6},"end":{"line":41,"column":7}},"loc":{"start":{"line":41,"column":24},"end":{"line":44,"column":7}}},"3":{"name":"(anonymous_11)","decl":{"start":{"line":51,"column":36},"end":{"line":51,"column":43}},"loc":{"start":{"line":51,"column":96},"end":{"line":58,"column":2}}},"4":{"name":"(anonymous_12)","decl":{"start":{"line":51,"column":96},"end":{"line":51,"column":null}},"loc":{"start":{"line":51,"column":96},"end":{"line":58,"column":1}}},"5":{"name":"(anonymous_13)","decl":{"start":{"line":52,"column":21},"end":{"line":52,"column":22}},"loc":{"start":{"line":52,"column":41},"end":{"line":57,"column":3}}},"6":{"name":"(anonymous_14)","decl":{"start":{"line":53,"column":42},"end":{"line":53,"column":43}},"loc":{"start":{"line":53,"column":60},"end":{"line":56,"column":5}}}},"branchMap":{"0":{"loc":{"start":{"line":37,"column":55},"end":{"line":37,"column":78}},"type":"default-arg","locations":[{"start":{"line":37,"column":64},"end":{"line":37,"column":78}}]},"1":{"loc":{"start":{"line":42,"column":8},"end":{"line":42,"column":40}},"type":"if","locations":[{"start":{"line":42,"column":8},"end":{"line":42,"column":40}}]},"2":{"loc":{"start":{"line":54,"column":6},"end":{"line":54,"column":38}},"type":"if","locations":[{"start":{"line":54,"column":6},"end":{"line":54,"column":38}}]}},"s":{"0":0,"1":0,"2":0,"3":0,"4":0,"5":0,"6":0,"7":0,"8":0,"9":0,"10":0,"11":0,"12":0,"13":0,"14":0,"15":0,"16":0,"17":0,"18":0,"19":0,"20":0},"f":{"0":0,"1":0,"2":0,"3":0,"4":0,"5":0,"6":0},"b":{"0":[0],"1":[0],"2":[0]}}
,"C:\\Users\\bjarn\\OneDrive\\Desktop\\Vef2-hopverk1\\Vef2-Hopverk1\\src\\utils\\hashUtil.ts": {"path":"C:\\Users\\bjarn\\OneDrive\\Desktop\\Vef2-hopverk1\\Vef2-Hopverk1\\src\\utils\\hashUtil.ts","statementMap":{"0":{"start":{"line":1,"column":0},"end":{"line":1,"column":30}},"1":{"start":{"line":3,"column":28},"end":{"line":6,"column":null}},"2":{"start":{"line":3,"column":72},"end":{"line":6,"column":null}},"3":{"start":{"line":4,"column":17},"end":{"line":4,"column":41}},"4":{"start":{"line":5,"column":4},"end":{"line":5,"column":39}},"5":{"start":{"line":3,"column":13},"end":{"line":3,"column":28}},"6":{"start":{"line":8,"column":32},"end":{"line":10,"column":null}},"7":{"start":{"line":8,"column":101},"end":{"line":10,"column":null}},"8":{"start":{"line":9,"column":4},"end":{"line":9,"column":58}},"9":{"start":{"line":8,"column":13},"end":{"line":8,"column":32}}},"fnMap":{"0":{"name":"(anonymous_8)","decl":{"start":{"line":3,"column":28},"end":{"line":3,"column":35}},"loc":{"start":{"line":3,"column":72},"end":{"line":6,"column":null}}},"1":{"name":"(anonymous_9)","decl":{"start":{"line":3,"column":72},"end":{"line":3,"column":null}},"loc":{"start":{"line":3,"column":72},"end":{"line":6,"column":1}}},"2":{"name":"(anonymous_10)","decl":{"start":{"line":8,"column":32},"end":{"line":8,"column":39}},"loc":{"start":{"line":8,"column":101},"end":{"line":10,"column":null}}},"3":{"name":"(anonymous_11)","decl":{"start":{"line":8,"column":101},"end":{"line":8,"column":null}},"loc":{"start":{"line":8,"column":101},"end":{"line":10,"column":1}}}},"branchMap":{},"s":{"0":0,"1":0,"2":0,"3":0,"4":0,"5":0,"6":0,"7":0,"8":0,"9":0},"f":{"0":0,"1":0,"2":0,"3":0},"b":{}}
,"C:\\Users\\bjarn\\OneDrive\\Desktop\\Vef2-hopverk1\\Vef2-Hopverk1\\src\\utils\\validation.ts": {"path":"C:\\Users\\bjarn\\OneDrive\\Desktop\\Vef2-hopverk1\\Vef2-Hopverk1\\src\\utils\\validation.ts","statementMap":{"0":{"start":{"line":1,"column":0},"end":{"line":1,"column":24}},"1":{"start":{"line":4,"column":13},"end":{"line":9,"column":3}},"2":{"start":{"line":11,"column":13},"end":{"line":14,"column":3}},"3":{"start":{"line":16,"column":13},"end":{"line":20,"column":3}},"4":{"start":{"line":22,"column":13},"end":{"line":28,"column":3}},"5":{"start":{"line":31,"column":13},"end":{"line":33,"column":3}},"6":{"start":{"line":36,"column":13},"end":{"line":40,"column":3}}},"fnMap":{},"branchMap":{},"s":{"0":0,"1":0,"2":0,"3":0,"4":0,"5":0,"6":0},"f":{},"b":{}}
}
